#
# There is insufficient memory for the Java Runtime Environment to continue.
# Native memory allocation (mmap) failed to map 134217728 bytes for committing reserved memory.
# Possible reasons:
#   The system is out of physical RAM or swap space
#   In 32 bit mode, the process size limit was hit
# Possible solutions:
#   Reduce memory load on the system
#   Increase physical memory or swap space
#   Check if swap backing store is full
#   Use 64 bit Java on a 64 bit OS
#   Decrease Java heap size (-Xmx/-Xms)
#   Decrease number of Java threads
#   Decrease Java thread stack sizes (-Xss)
#   Set larger code cache with -XX:ReservedCodeCacheSize=
# This output file may be truncated or incomplete.
#
#  Out of Memory Error (os_linux.cpp:2640), pid=3714, tid=0x00007ff3397e7700
#
# JRE version: OpenJDK Runtime Environment (8.0_152) (build 1.8.0_152-release-1343-b16-5323222)
# Java VM: OpenJDK 64-Bit Server VM (25.152-b16-5323222 mixed mode linux-amd64 compressed oops)
# Failed to write core dump. Core dumps have been disabled. To enable core dumping, try "ulimit -c unlimited" before starting Java again
#

---------------  T H R E A D  ---------------

Current thread (0x00007ff34c07a000):  VMThread [stack: 0x00007ff3396e8000,0x00007ff3397e8000] [id=3722]

Stack: [0x00007ff3396e8000,0x00007ff3397e8000],  sp=0x00007ff3397e6500,  free space=1017k
Native frames: (J=compiled Java code, j=interpreted, Vv=VM code, C=native code)
V  [libjvm.so+0x9ffc88]  VMError::report_and_die()+0x148
V  [libjvm.so+0x4ce9aa]  report_vm_out_of_memory(char const*, int, unsigned long, VMErrorType, char const*)+0x8a
V  [libjvm.so+0x8673d8]  os::pd_commit_memory(char*, unsigned long, unsigned long, bool)+0xd8
V  [libjvm.so+0x86201f]  os::commit_memory(char*, unsigned long, unsigned long, bool)+0x1f
V  [libjvm.so+0x8d839b]  PSVirtualSpace::expand_by(unsigned long)+0x5b
V  [libjvm.so+0x8c91fb]  PSOldGen::expand_by(unsigned long) [clone .part.109]+0x1b
V  [libjvm.so+0x8c93bb]  PSOldGen::expand(unsigned long) [clone .part.111]+0xdb
V  [libjvm.so+0x8c9c98]  PSOldGen::resize(unsigned long)+0x188
V  [libjvm.so+0x8cf27c]  PSParallelCompact::invoke_no_policy(bool)+0x94c
V  [libjvm.so+0x8d633d]  PSScavenge::invoke()+0x17d
V  [libjvm.so+0x88a7e3]  ParallelScavengeHeap::failed_mem_allocate(unsigned long)+0x63
V  [libjvm.so+0xa01754]  VM_ParallelGCFailedAllocation::doit()+0x84
V  [libjvm.so+0xa05bf7]  VM_Operation::evaluate()+0x47
V  [libjvm.so+0xa04658]  VMThread::evaluate_operation(VM_Operation*)+0x2c8
V  [libjvm.so+0xa04ab1]  VMThread::loop()+0x1f1
V  [libjvm.so+0xa04ee2]  VMThread::run()+0x72
V  [libjvm.so+0x864822]  java_start(Thread*)+0xf2

VM_Operation (0x00007ff3287f3d50): ParallelGCFailedAllocation, mode: safepoint, requested by thread 0x00007ff2f0005000


---------------  P R O C E S S  ---------------

Java Threads: ( => current thread )
  0x00007ff2dc23c000 JavaThread "RMI RenewClean-[127.0.0.1:40783,org.jetbrains.kotlin.daemon.common.LoopbackNetworkInterface$ClientLoopbackSocketFactory@463a4441]" daemon [_thread_blocked, id=8181, stack(0x00007ff328dfd000,0x00007ff328efe000)]
  0x00007ff2f0005000 JavaThread "RMI TCP Connection(61)-127.0.0.1" daemon [_thread_blocked, id=8180, stack(0x00007ff3286f8000,0x00007ff3287f9000)]
  0x00007ff2b8029800 JavaThread "RMI RenewClean-[127.0.0.1:40783,org.jetbrains.kotlin.daemon.common.LoopbackNetworkInterface$ClientLoopbackSocketFactory@35ea4aa7]" daemon [_thread_blocked, id=8178, stack(0x00007ff31ce3f000,0x00007ff31cf40000)]
  0x00007ff2f0003000 JavaThread "RMI TCP Connection(idle)" daemon [_thread_blocked, id=8177, stack(0x00007ff3285f7000,0x00007ff3286f8000)]
  0x00007ff2f0001800 JavaThread "RMI TCP Connection(59)-127.0.0.1" daemon [_thread_blocked, id=8175, stack(0x00007ff31c0a6000,0x00007ff31c1a7000)]
  0x00007ff2b8001800 JavaThread "RMI RenewClean-[127.0.0.1:40783,org.jetbrains.kotlin.daemon.common.LoopbackNetworkInterface$ClientLoopbackSocketFactory@472f1001]" daemon [_thread_blocked, id=7773, stack(0x00007ff3280f6000,0x00007ff3281f7000)]
  0x00007ff2d06dc800 JavaThread "RMI RenewClean-[127.0.0.1:40783,org.jetbrains.kotlin.daemon.common.LoopbackNetworkInterface$ClientLoopbackSocketFactory@9cef620]" daemon [_thread_blocked, id=7769, stack(0x00007ff328afa000,0x00007ff328bfb000)]
  0x00007ff2e4013800 JavaThread "RMI Scheduler(0)" daemon [_thread_blocked, id=3737, stack(0x00007ff3287f9000,0x00007ff3288fa000)]
  0x00007ff34c00c800 JavaThread "DestroyJavaVM" [_thread_blocked, id=3717, stack(0x00007ff351e8a000,0x00007ff351f8a000)]
  0x00007ff34c34a800 JavaThread "GC Daemon" daemon [_thread_blocked, id=3735, stack(0x00007ff328bfb000,0x00007ff328cfc000)]
  0x00007ff34c346000 JavaThread "RMI Reaper" [_thread_blocked, id=3734, stack(0x00007ff328cfc000,0x00007ff328dfd000)]
  0x00007ff34c337000 JavaThread "Timer-0" daemon [_thread_blocked, id=3732, stack(0x00007ff328efe000,0x00007ff328fff000)]
  0x00007ff34c333800 JavaThread "RMI TCP Accept-17528" daemon [_thread_blocked, id=3731, stack(0x00007ff3380fd000,0x00007ff3381fe000)]
  0x00007ff34c0ca800 JavaThread "Service Thread" daemon [_thread_blocked, id=3729, stack(0x00007ff338611000,0x00007ff338712000)]
  0x00007ff34c0bf800 JavaThread "C1 CompilerThread2" daemon [_thread_blocked, id=3728, stack(0x00007ff338713000,0x00007ff338813000)]
  0x00007ff34c0be000 JavaThread "C2 CompilerThread1" daemon [_thread_blocked, id=3727, stack(0x00007ff338814000,0x00007ff338914000)]
  0x00007ff34c0bb000 JavaThread "C2 CompilerThread0" daemon [_thread_blocked, id=3726, stack(0x00007ff338915000,0x00007ff338a15000)]
  0x00007ff34c0b9800 JavaThread "Signal Dispatcher" daemon [_thread_blocked, id=3725, stack(0x00007ff338a15000,0x00007ff338b16000)]
  0x00007ff34c086000 JavaThread "Finalizer" daemon [_thread_blocked, id=3724, stack(0x00007ff3394e5000,0x00007ff3395e6000)]
  0x00007ff34c081800 JavaThread "Reference Handler" daemon [_thread_blocked, id=3723, stack(0x00007ff3395e6000,0x00007ff3396e7000)]

Other Threads:
=>0x00007ff34c07a000 VMThread [stack: 0x00007ff3396e8000,0x00007ff3397e8000] [id=3722]
  0x00007ff34c0cd000 WatcherThread [stack: 0x00007ff338511000,0x00007ff338611000] [id=3730]

VM state:at safepoint (normal execution)

VM Mutex/Monitor currently owned by a thread:  ([mutex/lock_event])
[0x00007ff34c008580] ExpandHeap_lock - owner thread: 0x00007ff34c07a000
[0x00007ff34c008c00] Threads_lock - owner thread: 0x00007ff34c07a000
[0x00007ff34c009280] Heap_lock - owner thread: 0x00007ff2f0005000

Heap:
 PSYoungGen      total 827904K, used 0K [0x000000077f800000, 0x00000007c0000000, 0x00000007c0000000)
  eden space 612352K, 0% used [0x000000077f800000,0x000000077f800000,0x00000007a4e00000)
  from space 215552K, 0% used [0x00000007b2d80000,0x00000007b2d80000,0x00000007c0000000)
  to   space 222208K, 0% used [0x00000007a4e00000,0x00000007a4e00000,0x00000007b2700000)
 ParOldGen       total 477696K, used 209881K [0x00000006fe800000, 0x000000071ba80000, 0x000000077f800000)
  object space 477696K, 43% used [0x00000006fe800000,0x000000070b4f65e0,0x000000071ba80000)
 Metaspace       used 200458K, capacity 207552K, committed 209832K, reserved 1232896K
  class space    used 23991K, capacity 25453K, committed 26536K, reserved 1048576K

Card table byte_map: [0x00007ff33bffb000,0x00007ff33c608000] byte_map_base: 0x00007ff338807000

Marking Bits: (ParMarkBitMap*) 0x00007ff351557f00
 Begin Bits: [0x00007ff31df40000, 0x00007ff320fa0000)
 End Bits:   [0x00007ff320fa0000, 0x00007ff324000000)

Polling page: 0x00007ff351fb0000

CodeCache: size=245760Kb used=142942Kb max_used=148375Kb free=102817Kb
 bounds [0x00007ff33c9c8000, 0x00007ff345b68000, 0x00007ff34b9c8000]
 total_blobs=39021 nmethods=38426 adapters=505
 compilation: enabled

Compilation events (10 events):
Event: 5754,062 Thread 0x00007ff34c0bb000 nmethod 61306 0x00007ff340758910 code [0x00007ff340758ae0, 0x00007ff340758fa8]
Event: 5754,062 Thread 0x00007ff34c0bb000 61308       4       com.google.googlejavaformat.java.JavaInput::updateColumn (40 bytes)
Event: 5754,088 Thread 0x00007ff34c0bb000 nmethod 61308 0x00007ff340757990 code [0x00007ff340757b40, 0x00007ff340758058]
Event: 5754,088 Thread 0x00007ff34c0bb000 61302       4       com.squareup.javapoet.Util::checkNotNull (19 bytes)
Event: 5754,090 Thread 0x00007ff34c0bb000 nmethod 61302 0x00007ff34004b890 code [0x00007ff34004b9e0, 0x00007ff34004ba38]
Event: 5754,090 Thread 0x00007ff34c0bb000 61293       4       com.google.common.collect.Range$LowerBoundFn::apply (9 bytes)
Event: 5754,092 Thread 0x00007ff34c0bb000 nmethod 61293 0x00007ff3407600d0 code [0x00007ff340760220, 0x00007ff3407602b8]
Event: 5754,092 Thread 0x00007ff34c0bb000 61294       4       com.google.googlejavaformat.InputOutput::getLineCount (8 bytes)
Event: 5754,094 Thread 0x00007ff34c0bb000 nmethod 61294 0x00007ff340760e10 code [0x00007ff340760f60, 0x00007ff340761018]
Event: 5754,098 Thread 0x00007ff34c0be000 nmethod 61303 0x00007ff340751cd0 code [0x00007ff340752040, 0x00007ff340752f48]

GC Heap History (10 events):
Event: 5080,789 GC heap after
Heap after GC invocations=82 (full 13):
 PSYoungGen      total 820224K, used 40211K [0x000000077f800000, 0x00000007c0000000, 0x00000007c0000000)
  eden space 590848K, 0% used [0x000000077f800000,0x000000077f800000,0x00000007a3900000)
  from space 229376K, 17% used [0x00000007b0f80000,0x00000007b36c4fd8,0x00000007bef80000)
  to   space 219648K, 0% used [0x00000007a3900000,0x00000007a3900000,0x00000007b0f80000)
 ParOldGen       total 477696K, used 172466K [0x00000006fe800000, 0x000000071ba80000, 0x000000077f800000)
  object space 477696K, 36% used [0x00000006fe800000,0x000000070906ca08,0x000000071ba80000)
 Metaspace       used 184194K, capacity 190836K, committed 200616K, reserved 1222656K
  class space    used 21923K, capacity 23325K, committed 26536K, reserved 1048576K
}
Event: 5086,267 GC heap before
{Heap before GC invocations=83 (full 13):
 PSYoungGen      total 820224K, used 631059K [0x000000077f800000, 0x00000007c0000000, 0x00000007c0000000)
  eden space 590848K, 100% used [0x000000077f800000,0x00000007a3900000,0x00000007a3900000)
  from space 229376K, 17% used [0x00000007b0f80000,0x00000007b36c4fd8,0x00000007bef80000)
  to   space 219648K, 0% used [0x00000007a3900000,0x00000007a3900000,0x00000007b0f80000)
 ParOldGen       total 477696K, used 172466K [0x00000006fe800000, 0x000000071ba80000, 0x000000077f800000)
  object space 477696K, 36% used [0x00000006fe800000,0x000000070906ca08,0x000000071ba80000)
 Metaspace       used 190185K, capacity 196980K, committed 200872K, reserved 1224704K
  class space    used 22705K, capacity 24109K, committed 26536K, reserved 1048576K
Event: 5086,429 GC heap after
Heap after GC invocations=83 (full 13):
 PSYoungGen      total 810496K, used 58940K [0x000000077f800000, 0x00000007bdd80000, 0x00000007c0000000)
  eden space 590848K, 0% used [0x000000077f800000,0x000000077f800000,0x00000007a3900000)
  from space 219648K, 26% used [0x00000007a3900000,0x00000007a728f368,0x00000007b0f80000)
  to   space 206848K, 0% used [0x00000007b1380000,0x00000007b1380000,0x00000007bdd80000)
 ParOldGen       total 477696K, used 203388K [0x00000006fe800000, 0x000000071ba80000, 0x000000077f800000)
  object space 477696K, 42% used [0x00000006fe800000,0x000000070ae9f110,0x000000071ba80000)
 Metaspace       used 190185K, capacity 196980K, committed 200872K, reserved 1224704K
  class space    used 22705K, capacity 24109K, committed 26536K, reserved 1048576K
}
Event: 5090,081 GC heap before
{Heap before GC invocations=84 (full 13):
 PSYoungGen      total 810496K, used 649788K [0x000000077f800000, 0x00000007bdd80000, 0x00000007c0000000)
  eden space 590848K, 100% used [0x000000077f800000,0x00000007a3900000,0x00000007a3900000)
  from space 219648K, 26% used [0x00000007a3900000,0x00000007a728f368,0x00000007b0f80000)
  to   space 206848K, 0% used [0x00000007b1380000,0x00000007b1380000,0x00000007bdd80000)
 ParOldGen       total 477696K, used 203388K [0x00000006fe800000, 0x000000071ba80000, 0x000000077f800000)
  object space 477696K, 42% used [0x00000006fe800000,0x000000070ae9f110,0x000000071ba80000)
 Metaspace       used 190929K, capacity 197772K, committed 200872K, reserved 1224704K
  class space    used 22774K, capacity 24177K, committed 26536K, reserved 1048576K
Event: 5090,236 GC heap after
Heap after GC invocations=84 (full 13):
 PSYoungGen      total 818176K, used 10491K [0x000000077f800000, 0x00000007bec80000, 0x00000007c0000000)
  eden space 611328K, 0% used [0x000000077f800000,0x000000077f800000,0x00000007a4d00000)
  from space 206848K, 5% used [0x00000007b1380000,0x00000007b1dbef58,0x00000007bdd80000)
  to   space 203264K, 0% used [0x00000007a4d00000,0x00000007a4d00000,0x00000007b1380000)
 ParOldGen       total 477696K, used 257348K [0x00000006fe800000, 0x000000071ba80000, 0x000000077f800000)
  object space 477696K, 53% used [0x00000006fe800000,0x000000070e351398,0x000000071ba80000)
 Metaspace       used 190929K, capacity 197772K, committed 200872K, reserved 1224704K
  class space    used 22774K, capacity 24177K, committed 26536K, reserved 1048576K
}
Event: 5721,955 GC heap before
{Heap before GC invocations=85 (full 13):
 PSYoungGen      total 818176K, used 621819K [0x000000077f800000, 0x00000007bec80000, 0x00000007c0000000)
  eden space 611328K, 100% used [0x000000077f800000,0x00000007a4d00000,0x00000007a4d00000)
  from space 206848K, 5% used [0x00000007b1380000,0x00000007b1dbef58,0x00000007bdd80000)
  to   space 203264K, 0% used [0x00000007a4d00000,0x00000007a4d00000,0x00000007b1380000)
 ParOldGen       total 477696K, used 257348K [0x00000006fe800000, 0x000000071ba80000, 0x000000077f800000)
  object space 477696K, 53% used [0x00000006fe800000,0x000000070e351398,0x000000071ba80000)
 Metaspace       used 191471K, capacity 198378K, committed 200872K, reserved 1224704K
  class space    used 22823K, capacity 24262K, committed 26536K, reserved 1048576K
Event: 5723,000 GC heap after
Heap after GC invocations=85 (full 13):
 PSYoungGen      total 814592K, used 134448K [0x000000077f800000, 0x00000007c0000000, 0x00000007c0000000)
  eden space 611328K, 0% used [0x000000077f800000,0x000000077f800000,0x00000007a4d00000)
  from space 203264K, 66% used [0x00000007a4d00000,0x00000007ad04c338,0x00000007b1380000)
  to   space 215552K, 0% used [0x00000007b2d80000,0x00000007b2d80000,0x00000007c0000000)
 ParOldGen       total 477696K, used 266586K [0x00000006fe800000, 0x000000071ba80000, 0x000000077f800000)
  object space 477696K, 55% used [0x00000006fe800000,0x000000070ec569c8,0x000000071ba80000)
 Metaspace       used 191471K, capacity 198378K, committed 200872K, reserved 1224704K
  class space    used 22823K, capacity 24262K, committed 26536K, reserved 1048576K
}
Event: 5754,144 GC heap before
{Heap before GC invocations=86 (full 13):
 PSYoungGen      total 814592K, used 745776K [0x000000077f800000, 0x00000007c0000000, 0x00000007c0000000)
  eden space 611328K, 100% used [0x000000077f800000,0x00000007a4d00000,0x00000007a4d00000)
  from space 203264K, 66% used [0x00000007a4d00000,0x00000007ad04c338,0x00000007b1380000)
  to   space 215552K, 0% used [0x00000007b2d80000,0x00000007b2d80000,0x00000007c0000000)
 ParOldGen       total 477696K, used 266586K [0x00000006fe800000, 0x000000071ba80000, 0x000000077f800000)
  object space 477696K, 55% used [0x00000006fe800000,0x000000070ec569c8,0x000000071ba80000)
 Metaspace       used 201601K, capacity 208790K, committed 209832K, reserved 1232896K
  class space    used 24116K, capacity 25614K, committed 26536K, reserved 1048576K
Event: 5792,667 GC heap after
Heap after GC invocations=86 (full 13):
 PSYoungGen      total 827904K, used 128319K [0x000000077f800000, 0x00000007c0000000, 0x00000007c0000000)
  eden space 612352K, 0% used [0x000000077f800000,0x000000077f800000,0x00000007a4e00000)
  from space 215552K, 59% used [0x00000007b2d80000,0x00000007baacfd90,0x00000007c0000000)
  to   space 222208K, 0% used [0x00000007a4e00000,0x00000007a4e00000,0x00000007b2700000)
 ParOldGen       total 477696K, used 392770K [0x00000006fe800000, 0x000000071ba80000, 0x000000077f800000)
  object space 477696K, 82% used [0x00000006fe800000,0x00000007167908b8,0x000000071ba80000)
 Metaspace       used 201601K, capacity 208790K, committed 209832K, reserved 1232896K
  class space    used 24116K, capacity 25614K, committed 26536K, reserved 1048576K
}
Event: 5792,710 GC heap before
{Heap before GC invocations=87 (full 14):
 PSYoungGen      total 827904K, used 128319K [0x000000077f800000, 0x00000007c0000000, 0x00000007c0000000)
  eden space 612352K, 0% used [0x000000077f800000,0x000000077f800000,0x00000007a4e00000)
  from space 215552K, 59% used [0x00000007b2d80000,0x00000007baacfd90,0x00000007c0000000)
  to   space 222208K, 0% used [0x00000007a4e00000,0x00000007a4e00000,0x00000007b2700000)
 ParOldGen       total 477696K, used 392770K [0x00000006fe800000, 0x000000071ba80000, 0x000000077f800000)
  object space 477696K, 82% used [0x00000006fe800000,0x00000007167908b8,0x000000071ba80000)
 Metaspace       used 201601K, capacity 208790K, committed 209832K, reserved 1232896K
  class space    used 24116K, capacity 25614K, committed 26536K, reserved 1048576K

Deoptimization events (10 events):
Event: 5752,428 Thread 0x00007ff2f0005000 Uncommon trap: reason=class_check action=maybe_recompile pc=0x00007ff3410d748c method=com.google.common.collect.ImmutableSet.construct(I[Ljava/lang/Object;)Lcom/google/common/collect/ImmutableSet; @ 84
Event: 5752,455 Thread 0x00007ff2f0005000 Uncommon trap: reason=speculate_class_check action=maybe_recompile pc=0x00007ff34141e048 method=com.google.common.collect.Range.<init>(Lcom/google/common/collect/Cut;Lcom/google/common/collect/Cut;)V @ 28
Event: 5752,457 Thread 0x00007ff2f0005000 Uncommon trap: reason=class_check action=maybe_recompile pc=0x00007ff3410d748c method=com.google.common.collect.ImmutableSet.construct(I[Ljava/lang/Object;)Lcom/google/common/collect/ImmutableSet; @ 84
Event: 5752,492 Thread 0x00007ff2f0005000 Uncommon trap: reason=speculate_class_check action=maybe_recompile pc=0x00007ff34141e048 method=com.google.common.collect.Range.<init>(Lcom/google/common/collect/Cut;Lcom/google/common/collect/Cut;)V @ 28
Event: 5753,423 Thread 0x00007ff2f0005000 Uncommon trap: reason=class_check action=maybe_recompile pc=0x00007ff340f2577c method=org.openjdk.tools.javac.parser.Scanner.token(I)Lorg/openjdk/tools/javac/parser/Tokens$Token; @ 26
Event: 5753,423 Thread 0x00007ff2f0005000 Uncommon trap: reason=class_check action=maybe_recompile pc=0x00007ff340f2577c method=org.openjdk.tools.javac.parser.Scanner.token(I)Lorg/openjdk/tools/javac/parser/Tokens$Token; @ 26
Event: 5753,424 Thread 0x00007ff2f0005000 Uncommon trap: reason=class_check action=maybe_recompile pc=0x00007ff340f2577c method=org.openjdk.tools.javac.parser.Scanner.token(I)Lorg/openjdk/tools/javac/parser/Tokens$Token; @ 26
Event: 5753,424 Thread 0x00007ff2f0005000 Uncommon trap: reason=class_check action=maybe_recompile pc=0x00007ff340f2577c method=org.openjdk.tools.javac.parser.Scanner.token(I)Lorg/openjdk/tools/javac/parser/Tokens$Token; @ 26
Event: 5753,424 Thread 0x00007ff2f0005000 Uncommon trap: reason=class_check action=maybe_recompile pc=0x00007ff33e2e991c method=org.openjdk.tools.javac.parser.Scanner.nextToken()V @ 31
Event: 5753,424 Thread 0x00007ff2f0005000 Uncommon trap: reason=class_check action=maybe_recompile pc=0x00007ff33e2e991c method=org.openjdk.tools.javac.parser.Scanner.nextToken()V @ 31

Classes redefined (0 events):
No events

Internal exceptions (10 events):
Event: 4459,243 Thread 0x00007ff2f0005000 Exception <a 'sun/nio/fs/UnixException'> (0x00000007a2dfb210) thrown at [/buildbot/src/googleplex-android/openjdk/out/hotspot/src/share/vm/prims/jni.cpp, line 709]
Event: 4459,243 Thread 0x00007ff2f0005000 Exception <a 'java/io/FileNotFoundException'> (0x00000007a2dfcd18) thrown at [/buildbot/src/googleplex-android/openjdk/out/hotspot/src/share/vm/prims/jni.cpp, line 709]
Event: 4459,243 Thread 0x00007ff2f0005000 Exception <a 'java/io/FileNotFoundException'> (0x00000007a2dfe828) thrown at [/buildbot/src/googleplex-android/openjdk/out/hotspot/src/share/vm/prims/jni.cpp, line 709]
Event: 5061,386 Thread 0x00007ff2d06dc800 Exception <a 'java/lang/InterruptedException'> (0x000000077fc0f990) thrown at [/buildbot/src/googleplex-android/openjdk/out/hotspot/src/share/vm/runtime/objectMonitor.cpp, line 1684]
Event: 5065,899 Thread 0x00007ff2b8001800 Exception <a 'java/lang/InterruptedException'> (0x000000079179faa8) thrown at [/buildbot/src/googleplex-android/openjdk/out/hotspot/src/share/vm/runtime/objectMonitor.cpp, line 1684]
Event: 5078,117 Thread 0x00007ff2f0005000 Implicit null exception at 0x00007ff33fb178bb to 0x00007ff33fb17a9d
Event: 5079,605 Thread 0x00007ff2f0005000 Implicit null exception at 0x00007ff33e0585b5 to 0x00007ff33e0586f9
Event: 5079,605 Thread 0x00007ff2f0005000 Implicit null exception at 0x00007ff33e050b6c to 0x00007ff33e050c67
Event: 5083,550 Thread 0x00007ff2f0005000 Exception <a 'java/lang/ClassNotFoundException': com/sun/org/glassfish/hk2/osgiresourcelocator/ServiceLoader> (0x000000078bf2d8c0) thrown at [/buildbot/src/googleplex-android/openjdk/out/hotspot/src/share/vm/classfile/systemDictionary.cpp, line 210]
Event: 5732,934 Thread 0x00007ff2dc23c000 Exception <a 'java/lang/InterruptedException'> (0x0000000780d521f0) thrown at [/buildbot/src/googleplex-android/openjdk/out/hotspot/src/share/vm/runtime/objectMonitor.cpp, line 1684]

Events (10 events):
Event: 5753,424 Thread 0x00007ff2f0005000 DEOPT PACKING pc=0x00007ff33e2e991c sp=0x00007ff3287f2d10
Event: 5753,424 Thread 0x00007ff2f0005000 DEOPT UNPACKING pc=0x00007ff33ca0d47a sp=0x00007ff3287f2cd8 mode 2
Event: 5753,424 Thread 0x00007ff2f0005000 Uncommon trap: trap_request=0xffffffde fr.pc=0x00007ff33e2e991c
Event: 5753,424 Thread 0x00007ff2f0005000 DEOPT PACKING pc=0x00007ff33e2e991c sp=0x00007ff3287f2d10
Event: 5753,424 Thread 0x00007ff2f0005000 DEOPT UNPACKING pc=0x00007ff33ca0d47a sp=0x00007ff3287f2cd8 mode 2
Event: 5753,742 Thread 0x00007ff2f0005000 DEOPT PACKING pc=0x00007ff33e3e11ca sp=0x00007ff3287f3f10
Event: 5753,742 Thread 0x00007ff2f0005000 DEOPT UNPACKING pc=0x00007ff33ca0f4c4 sp=0x00007ff3287f3ca0 mode 0
Event: 5753,903 loading class com/google/googlejavaformat/Newlines$1
Event: 5753,919 loading class com/google/googlejavaformat/Newlines$1 done
Event: 5754,118 Executing VM operation: ParallelGCFailedAllocation


Dynamic libraries:
00400000-00401000 r-xp 00000000 07:13 3372                               /snap/android-studio/76/android-studio/jre/jre/bin/java
00401000-00402000 rw-p 00000000 07:13 3372                               /snap/android-studio/76/android-studio/jre/jre/bin/java
00ea8000-00ec9000 rw-p 00000000 00:00 0                                  [heap]
6fe800000-71ba80000 rw-p 00000000 00:00 0 
723a80000-77f800000 ---p 00000000 00:00 0 
77f800000-7c0000000 rw-p 00000000 00:00 0 
7c0000000-7c19ea000 rw-p 00000000 00:00 0 
7c19ea000-800000000 ---p 00000000 00:00 0 
7ff2b8000000-7ff2b8806000 rw-p 00000000 00:00 0 
7ff2b8806000-7ff2bc000000 ---p 00000000 00:00 0 
7ff2bee00000-7ff2bf000000 rw-p 00000000 00:00 0 
7ff2bf000000-7ff2bf200000 rw-p 00000000 00:00 0 
7ff2bf200000-7ff2bf400000 rw-p 00000000 00:00 0 
7ff2bf400000-7ff2bf600000 rw-p 00000000 00:00 0 
7ff2bf600000-7ff2bf800000 rw-p 00000000 00:00 0 
7ff2bf800000-7ff2bfa00000 rw-p 00000000 00:00 0 
7ff2bfa00000-7ff2bfc00000 rw-p 00000000 00:00 0 
7ff2bfc00000-7ff2bfe00000 rw-p 00000000 00:00 0 
7ff2bfe00000-7ff2c0000000 rw-p 00000000 00:00 0 
7ff2c0000000-7ff2c0021000 rw-p 00000000 00:00 0 
7ff2c0021000-7ff2c4000000 ---p 00000000 00:00 0 
7ff2c4059000-7ff2c4259000 rw-p 00000000 00:00 0 
7ff2c4259000-7ff2c4459000 rw-p 00000000 00:00 0 
7ff2c4459000-7ff2c4659000 rw-p 00000000 00:00 0 
7ff2c4659000-7ff2c4859000 rw-p 00000000 00:00 0 
7ff2c4859000-7ff2c4a59000 rw-p 00000000 00:00 0 
7ff2c4a59000-7ff2c4c59000 rw-p 00000000 00:00 0 
7ff2c4c59000-7ff2c4e59000 rw-p 00000000 00:00 0 
7ff2c4e59000-7ff2c5059000 rw-p 00000000 00:00 0 
7ff2c5059000-7ff2c5259000 rw-p 00000000 00:00 0 
7ff2c5259000-7ff2c5459000 rw-p 00000000 00:00 0 
7ff2c5459000-7ff2c5659000 rw-p 00000000 00:00 0 
7ff2c5659000-7ff2c5859000 rw-p 00000000 00:00 0 
7ff2c5859000-7ff2c5a59000 rw-p 00000000 00:00 0 
7ff2c5a59000-7ff2c5c59000 rw-p 00000000 00:00 0 
7ff2c5c59000-7ff2c5e59000 rw-p 00000000 00:00 0 
7ff2c5e59000-7ff2c6059000 rw-p 00000000 00:00 0 
7ff2c6059000-7ff2c6259000 rw-p 00000000 00:00 0 
7ff2c6259000-7ff2c6459000 rw-p 00000000 00:00 0 
7ff2c6459000-7ff2c6659000 rw-p 00000000 00:00 0 
7ff2c677a000-7ff2c697a000 rw-p 00000000 00:00 0 
7ff2c697a000-7ff2c6b7a000 rw-p 00000000 00:00 0 
7ff2c6b7a000-7ff2c6d7a000 rw-p 00000000 00:00 0 
7ff2c6d7a000-7ff2c6f7a000 rw-p 00000000 00:00 0 
7ff2c6f7a000-7ff2c717a000 rw-p 00000000 00:00 0 
7ff2c717a000-7ff2c737a000 rw-p 00000000 00:00 0 
7ff2c737a000-7ff2c757a000 rw-p 00000000 00:00 0 
7ff2c757a000-7ff2c777a000 rw-p 00000000 00:00 0 
7ff2c7800000-7ff2c7a00000 rw-p 00000000 00:00 0 
7ff2c7a00000-7ff2c7c00000 rw-p 00000000 00:00 0 
7ff2c7c00000-7ff2c7e00000 rw-p 00000000 00:00 0 
7ff2c7e00000-7ff2c8000000 rw-p 00000000 00:00 0 
7ff2c8000000-7ff2c8c07000 rw-p 00000000 00:00 0 
7ff2c8c07000-7ff2cc000000 ---p 00000000 00:00 0 
7ff2cc000000-7ff2cc200000 rw-p 00000000 00:00 0 
7ff2cc400000-7ff2cc500000 rw-p 00000000 00:00 0 
7ff2cc500000-7ff2cc600000 ---p 00000000 00:00 0 
7ff2cc600000-7ff2cc800000 rw-p 00000000 00:00 0 
7ff2cc800000-7ff2cca00000 rw-p 00000000 00:00 0 
7ff2cca00000-7ff2ccc00000 rw-p 00000000 00:00 0 
7ff2ccc00000-7ff2cce00000 rw-p 00000000 00:00 0 
7ff2cce00000-7ff2cd000000 rw-p 00000000 00:00 0 
7ff2cd000000-7ff2cd200000 rw-p 00000000 00:00 0 
7ff2cd200000-7ff2cd600000 rw-p 00000000 00:00 0 
7ff2cd600000-7ff2cd800000 rw-p 00000000 00:00 0 
7ff2cd879000-7ff2cda79000 rw-p 00000000 00:00 0 
7ff2cda79000-7ff2cda7a000 r--s 00006000 08:01 15336123                   /home/manuel/.gradle/caches/transforms-1/files-1.1/jetified-mapbox-android-core-1.1.0.aar/620e7517334e791eda5eaf54fccfcc45/jars/classes.jar
7ff2cda7a000-7ff2cda7b000 r--s 00006000 08:01 15336115                   /home/manuel/.gradle/caches/transforms-1/files-1.1/relinker-1.2.2.aar/2dc150aab22e7cc4d399633d75b90eea/jars/classes.jar
7ff2cda7b000-7ff2cda7d000 r--s 00005000 08:01 9448165                    /home/manuel/.gradle/caches/modules-2/files-2.1/stax/stax-api/1.0.1/49c100caf72d658aca8e58bd74a4ba90fa2b0d70/stax-api-1.0.1.jar
7ff2cda7d000-7ff2cda80000 r--s 00029000 08:01 9448166                    /home/manuel/.gradle/caches/modules-2/files-2.1/stax/stax/1.2.0/c434800de5e4bbe1822805be5fb1c32d6834f830/stax-1.2.0.jar
7ff2cda80000-7ff2cda84000 r--s 00031000 08:01 13114109                   /home/manuel/.gradle/caches/transforms-1/files-1.1/commons-io-2.6.jar/14467b29dd495f640ade94746c07e106/jetified-commons-io-2.6.jar
7ff2cda84000-7ff2cda88000 r--s 0004c000 08:01 9448692                    /home/manuel/.gradle/caches/modules-2/files-2.1/com.fasterxml.jackson.core/jackson-core/2.9.8/f5a654e4675769c716e5b387830d19b501ca191/jackson-core-2.9.8.jar
7ff2cda88000-7ff2cda8b000 r--s 0000e000 08:01 14813533                   /home/manuel/.gradle/caches/transforms-1/files-1.1/jackson-annotations-2.9.0.jar/f23435ab9120f844098f4822aab56c10/jetified-jackson-annotations-2.9.0.jar
7ff2cda8b000-7ff2cda8c000 r--s 00000000 08:01 9447800                    /home/manuel/.gradle/caches/modules-2/files-2.1/org.codehaus.mojo/animal-sniffer-annotations/1.17/f97ce6decaea32b36101e37979f8b647f00681fb/animal-sniffer-annotations-1.17.jar
7ff2cda8c000-7ff2cda8e000 r--s 00002000 08:01 15336108                   /home/manuel/.gradle/caches/transforms-1/files-1.1/error_prone_annotations-2.2.0.jar/4429a5b7d4df49c3633d96e337b4c6ed/jetified-error_prone_annotations-2.2.0.jar
7ff2cda8e000-7ff2cda8f000 r--s 00001000 08:01 9447234                    /home/manuel/.gradle/caches/modules-2/files-2.1/org.checkerframework/checker-compat-qual/2.5.2/dc0b20906c9e4b9724af29d11604efa574066892/checker-compat-qual-2.5.2.jar
7ff2cda8f000-7ff2cda90000 r--s 00000000 08:01 9447799                    /home/manuel/.gradle/caches/modules-2/files-2.1/com.google.guava/listenablefuture/9999.0-empty-to-avoid-conflict-with-guava/b421526c5f297295adef1c886e5246c39d4ac629/listenablefuture-9999.0-empty-to-avoid-conflict-with-guava.jar
7ff2cda90000-7ff2cda92000 r--s 00000000 08:01 9447798                    /home/manuel/.gradle/caches/modules-2/files-2.1/com.google.guava/failureaccess/1.0.1/1dcf1de382a0bf95a3d8b0849546c88bac1292c9/failureaccess-1.0.1.jar
7ff2cda92000-7ff2cda93000 r--s 00004000 08:01 9445277                    /home/manuel/.gradle/caches/modules-2/files-2.1/com.github.bumptech.glide/disklrucache/4.9.0/cbb185635e8f265d6391c7d43118d3856574dc3a/disklrucache-4.9.0.jar
7ff2cda93000-7ff2cda94000 r--s 00015000 08:01 15336106                   /home/manuel/.gradle/caches/transforms-1/files-1.1/okio-1.15.0.jar/6e314f17e3b0d7ca214e463c6c277fce/jetified-okio-1.15.0.jar
7ff2cda94000-7ff2cda96000 r--s 00009000 08:01 1442220                    /home/manuel/.gradle/caches/transforms-1/files-1.1/commons-cli-1.2.jar/a450e8a11fd3c30b8fb040a51c966d59/jetified-commons-cli-1.2.jar
7ff2cda96000-7ff2cda9c000 r--s 00037000 08:01 5111877                    /home/manuel/.gradle/caches/transforms-1/files-1.1/fabric-1.4.4.aar/d91dd600422378caa0ebc65fc8821d43/jars/classes.jar
7ff2cda9c000-7ff2cda9d000 r--s 00000000 08:01 5111871                    /home/manuel/.gradle/caches/transforms-1/files-1.1/beta-1.2.10.aar/bfdbeec025049336bf951fec7c2c2783/jars/classes.jar
7ff2cda9d000-7ff2cda9f000 r--s 00010000 08:01 5898751                    /home/manuel/.gradle/caches/transforms-1/files-1.1/jetified-answers-1.4.3.aar/dd0a78b10597337a839d9d624b210fba/jars/classes.jar
7ff2cda9f000-7ff2cdaa3000 r--s 00029000 08:01 5111863                    /home/manuel/.gradle/caches/transforms-1/files-1.1/crashlytics-core-2.6.4.aar/df5841af7bf6039e95ef1bcc804b81ac/jars/classes.jar
7ff2cdaa3000-7ff2cdaa5000 r--s 00003000 08:01 9447464                    /home/manuel/.gradle/caches/modules-2/files-2.1/org.jetbrains/annotations/16.0.1/c1a6655cebcac68e63e4c24d23f573035032eb2a/annotations-16.0.1.jar
7ff2cdaa5000-7ff2cdaa6000 r--s 00000000 08:01 9448546                    /home/manuel/.gradle/caches/modules-2/files-2.1/io.realm/realm-annotations/4.1.1/967fe0aebb6863832d43b81030c0a93eb4cac6b/realm-annotations-4.1.1.jar
7ff2cdaa6000-7ff2cdaad000 r--s 00053000 08:01 15336126                   /home/manuel/.gradle/caches/transforms-1/files-1.1/jetified-realm-android-library-4.1.1.aar/1c545d6cd6e88c6c1c23ef000fd7587c/jars/classes.jar
7ff2cdaad000-7ff2cdaae000 r--s 00005000 08:01 15336102                   /home/manuel/.gradle/caches/transforms-1/files-1.1/storage-2.1.0.aar/de6a02fde8cb221550e36fc15fca4a03/jars/classes.jar
7ff2cdaae000-7ff2cdab1000 r--s 00018000 08:01 15336098                   /home/manuel/.gradle/caches/transforms-1/files-1.1/volley-1.1.0.aar/e80a71c09ee76f02d5b79eedfaf686a4/jars/classes.jar
7ff2cdab1000-7ff2cdab3000 r--s 00007000 08:01 9447792                    /home/manuel/.gradle/caches/modules-2/files-2.1/com.cocoahero.android/geojson/1.0.1/5ac9c72666b11d5817e8c3c1145e0b020725e7de/geojson-1.0.1.jar
7ff2cdab3000-7ff2cdab4000 r--s 00000000 08:01 15336087                   /home/manuel/.gradle/caches/transforms-1/files-1.1/threetenabp-1.1.1.aar/5db60db3551e131cd204e1c4fcda5e2c/jars/classes.jar
7ff2cdab4000-7ff2cdabf000 r--s 0005d000 08:01 15336082                   /home/manuel/.gradle/caches/transforms-1/files-1.1/simple-xml-2.7.1.jar/fb653ef07c3d48dca50fe62948e02c8a/jetified-simple-xml-2.7.1.jar
7ff2cdabf000-7ff2cdac5000 r--s 0003e000 08:01 5768105                    /home/manuel/.gradle/caches/transforms-1/files-1.1/snake-yaml-v1.18-android.jar/3bce9e55dbdf2771dbadc61e91b30091/jetified-snake-yaml-v1.18-android.jar
7ff2cdac5000-7ff2cdade000 r--s 000fe000 08:01 9447462                    /home/manuel/.gradle/caches/modules-2/files-2.1/io.reactivex/rxjava/1.2.6/de0c509ae6c9db5b5b6004a9d102c92708346f7c/rxjava-1.2.6.jar
7ff2cdade000-7ff2cdadf000 r--s 00000000 08:01 9446303                    /home/manuel/.gradle/caches/modules-2/files-2.1/org.reactivestreams/reactive-streams/1.0.2/323964c36556eb0e6209f65c1cef72b53b461ab8/reactive-streams-1.0.2.jar
7ff2cdadf000-7ff2cdc00000 r--s 02b7d000 08:01 9444833                    /home/manuel/Android/Sdk/platforms/android-28/android.jar
7ff2cdc00000-7ff2cde00000 rw-p 00000000 00:00 0 
7ff2cde00000-7ff2ce000000 rw-p 00000000 00:00 0 
7ff2ce000000-7ff2ce200000 rw-p 00000000 00:00 0 
7ff2ce200000-7ff2ce400000 rw-p 00000000 00:00 0 
7ff2ce400000-7ff2ce600000 rw-p 00000000 00:00 0 
7ff2ce600000-7ff2ce800000 rw-p 00000000 00:00 0 
7ff2ce800000-7ff2cea00000 rw-p 00000000 00:00 0 
7ff2cea00000-7ff2cec00000 rw-p 00000000 00:00 0 
7ff2cec00000-7ff2cee00000 rw-p 00000000 00:00 0 
7ff2cee00000-7ff2cf000000 rw-p 00000000 00:00 0 
7ff2cf000000-7ff2cf200000 rw-p 00000000 00:00 0 
7ff2cf200000-7ff2cf400000 rw-p 00000000 00:00 0 
7ff2cf400000-7ff2cf600000 rw-p 00000000 00:00 0 
7ff2cf600000-7ff2cf800000 rw-p 00000000 00:00 0 
7ff2cf800000-7ff2cfa00000 rw-p 00000000 00:00 0 
7ff2cfa00000-7ff2cfc00000 rw-p 00000000 00:00 0 
7ff2cfc00000-7ff2cfe00000 rw-p 00000000 00:00 0 
7ff2cfe00000-7ff2d0000000 rw-p 00000000 00:00 0 
7ff2d0000000-7ff2d0930000 rw-p 00000000 00:00 0 
7ff2d0930000-7ff2d4000000 ---p 00000000 00:00 0 
7ff2d4000000-7ff2d47be000 rw-p 00000000 00:00 0 
7ff2d47be000-7ff2d8000000 ---p 00000000 00:00 0 
7ff2d8000000-7ff2d8021000 rw-p 00000000 00:00 0 
7ff2d8021000-7ff2dc000000 ---p 00000000 00:00 0 
7ff2dc000000-7ff2dd628000 rw-p 00000000 00:00 0 
7ff2dd628000-7ff2e0000000 ---p 00000000 00:00 0 
7ff2e0000000-7ff2e0021000 rw-p 00000000 00:00 0 
7ff2e0021000-7ff2e4000000 ---p 00000000 00:00 0 
7ff2e4000000-7ff2e4886000 rw-p 00000000 00:00 0 
7ff2e4886000-7ff2e8000000 ---p 00000000 00:00 0 
7ff2e8000000-7ff2e912e000 rw-p 00000000 00:00 0 
7ff2e912e000-7ff2ec000000 ---p 00000000 00:00 0 
7ff2ec000000-7ff2ec021000 rw-p 00000000 00:00 0 
7ff2ec021000-7ff2f0000000 ---p 00000000 00:00 0 
7ff2f0000000-7ff2f0021000 rw-p 00000000 00:00 0 
7ff2f0021000-7ff2f4000000 ---p 00000000 00:00 0 
7ff2f4000000-7ff2f4021000 rw-p 00000000 00:00 0 
7ff2f4021000-7ff2f8000000 ---p 00000000 00:00 0 
7ff2f8000000-7ff2f8021000 rw-p 00000000 00:00 0 
7ff2f8021000-7ff2fc000000 ---p 00000000 00:00 0 
7ff2fc000000-7ff2fc021000 rw-p 00000000 00:00 0 
7ff2fc021000-7ff300000000 ---p 00000000 00:00 0 
7ff300000000-7ff301e76000 rw-p 00000000 00:00 0 
7ff301e76000-7ff304000000 ---p 00000000 00:00 0 
7ff304000000-7ff30640b000 rw-p 00000000 00:00 0 
7ff30640b000-7ff308000000 ---p 00000000 00:00 0 
7ff308000000-7ff308021000 rw-p 00000000 00:00 0 
7ff308021000-7ff30c000000 ---p 00000000 00:00 0 
7ff30c000000-7ff30df53000 rw-p 00000000 00:00 0 
7ff30df53000-7ff310000000 ---p 00000000 00:00 0 
7ff310000000-7ff310021000 rw-p 00000000 00:00 0 
7ff310021000-7ff314000000 ---p 00000000 00:00 0 
7ff314000000-7ff314021000 rw-p 00000000 00:00 0 
7ff314021000-7ff318000000 ---p 00000000 00:00 0 
7ff318000000-7ff318a42000 rw-p 00000000 00:00 0 
7ff318a42000-7ff31c000000 ---p 00000000 00:00 0 
7ff31c000000-7ff31c004000 r--s 0000f000 08:01 9447461                    /home/manuel/.gradle/caches/modules-2/files-2.1/com.google.code.findbugs/annotations/3.0.0/e20984c024b3baf63d06cf481c65c242dcd541de/annotations-3.0.0.jar
7ff31c004000-7ff31c00a000 r--s 0003d000 08:01 5768103                    /home/manuel/.gradle/caches/transforms-1/files-1.1/commons-jexl-2.1.1.jar/010dd13edc4c63e4f010ac921ac05ca8/jetified-commons-jexl-2.1.1.jar
7ff31c00a000-7ff31c012000 r--s 00073000 08:01 4860113                    /home/manuel/.gradle/caches/transforms-1/files-1.1/commons-lang3-3.7.jar/7515168dca9f6ca2259424256cfb041c/jetified-commons-lang3-3.7.jar
7ff31c012000-7ff31c026000 r--s 00138000 08:01 14813528                   /home/manuel/.gradle/caches/transforms-1/files-1.1/jackson-databind-2.9.8.jar/d28457a46626c544a7093b472213f70c/jetified-jackson-databind-2.9.8.jar
7ff31c026000-7ff31c029000 r--s 0001d000 08:01 9447453                    /home/manuel/.gradle/caches/modules-2/files-2.1/androidx.constraintlayout/constraintlayout-solver/2.0.0-alpha3/2a8ac731e821a10465b111f9e9f52e3e0b0d45b2/constraintlayout-solver-2.0.0-alpha3.jar
7ff31c029000-7ff31c02b000 r--s 00002000 08:01 4860108                    /home/manuel/.gradle/caches/transforms-1/files-1.1/jetified-securestoragelibrary-1.0.3.aar/40d3cf85ad3b7f8e4f406175c80e3f8b/jars/classes.jar
7ff31c02b000-7ff31c05f000 r--s 00251000 08:01 2493840                    /home/manuel/.gradle/caches/transforms-1/files-1.1/guava-27.0.1-android.jar/0dda606a7ce31a1c7694839a1902b8e4/jetified-guava-27.0.1-android.jar
7ff31c05f000-7ff31c060000 r--s 00000000 08:01 5768101                    /home/manuel/.gradle/caches/transforms-1/files-1.1/paperwork-1.2.7.aar/11475cd5c36f3376d1c4a62434f545e0/jars/classes.jar
7ff31c060000-7ff31c063000 r--s 0001b000 08:01 5898768                    /home/manuel/.gradle/caches/transforms-1/files-1.1/jetified-zxing-android-embedded-3.2.0.aar/96ac17fdd9b59a6530beef3e8ec0258e/jars/classes.jar
7ff31c063000-7ff31c06b000 r--s 0007f000 08:01 1442218                    /home/manuel/.gradle/caches/transforms-1/files-1.1/core-3.3.0.jar/39c36eb31d3d8e7d62be24c671822f7d/jetified-core-3.3.0.jar
7ff31c06b000-7ff31c07d000 r--s 0008c000 08:01 5768089                    /home/manuel/.gradle/caches/transforms-1/files-1.1/joda-time-2.9.9.jar/ef166d95a65e53c318e60dcf3dc51966/jetified-joda-time-2.9.9.jar
7ff31c07d000-7ff31c07e000 r--s 00000000 08:01 5768094                    /home/manuel/.gradle/caches/transforms-1/files-1.1/rxlint-1.6.aar/0235627f4af476122a679b7f27ded41b/jars/classes.jar
7ff31c07e000-7ff31c083000 r--s 00063000 08:01 15335639                   /home/manuel/.gradle/caches/transforms-1/files-1.1/okhttp-3.12.0.jar/bc7a82831d3934272eaf04e753e449ab/jetified-okhttp-3.12.0.jar
7ff31c083000-7ff31c085000 r--s 00001000 08:01 15335637                   /home/manuel/.gradle/caches/transforms-1/files-1.1/logging-interceptor-3.11.0.jar/ef50e983bfd89776dc6d35ea84de51d3/jetified-logging-interceptor-3.11.0.jar
7ff31c085000-7ff31c086000 r--s 00001000 08:01 14812650                   /home/manuel/.gradle/caches/transforms-1/files-1.1/converter-jackson-2.5.0.jar/84537b440e6c5589a2f27fc9b728cca6/jetified-converter-jackson-2.5.0.jar
7ff31c086000-7ff31c096000 r--s 00077000 08:01 8519769                    /home/manuel/.gradle/caches/transforms-1/files-1.1/jetified-stetho-1.5.0.aar/fbd5fe7ea503325b7ac220150dbdcacb/jars/classes.jar
7ff31c096000-7ff31c097000 r--s 00001000 08:01 5768086                    /home/manuel/.gradle/caches/transforms-1/files-1.1/stetho-okhttp3-1.5.0.aar/cfb15573ade996551cbfaeaeda71b914/jars/classes.jar
7ff31c097000-7ff31c098000 r--s 00001000 08:01 5111856                    /home/manuel/.gradle/caches/transforms-1/files-1.1/crashlytics-2.9.5.aar/8f9c32930e1592a8928f32579a0fbab2/jars/classes.jar
7ff31c098000-7ff31c09e000 r--s 00037000 08:01 15335430                   /home/manuel/.gradle/caches/transforms-1/files-1.1/gson-2.8.5.jar/d3b5d3e4865dc93d3a12bfd602452f4c/jetified-gson-2.8.5.jar
7ff31c09e000-7ff31c09f000 r--s 00001000 08:01 15335633                   /home/manuel/.gradle/caches/transforms-1/files-1.1/converter-gson-2.4.0.jar/a0b056381e4f5943aca176d70e5f4d46/jetified-converter-gson-2.4.0.jar
7ff31c09f000-7ff31c0a0000 r--s 00002000 08:01 15335631                   /home/manuel/.gradle/caches/transforms-1/files-1.1/mapbox-sdk-core-4.3.0.jar/30d045c1ff6119832f1b1e24c825a811/jetified-mapbox-sdk-core-4.3.0.jar
7ff31c0a0000-7ff31c0a3000 r--s 00017000 08:01 15335635                   /home/manuel/.gradle/caches/transforms-1/files-1.1/mapbox-sdk-geojson-4.3.0.jar/e56fb256aa6c693c133ebe3dd3816bb9/jetified-mapbox-sdk-geojson-4.3.0.jar
7ff31c0a3000-7ff31c0a4000 r--s 00005000 08:01 15335627                   /home/manuel/.gradle/caches/transforms-1/files-1.1/mapbox-sdk-turf-4.3.0.jar/410cd56756f0cfb49241758b8246c363/jetified-mapbox-sdk-turf-4.3.0.jar
7ff31c0a4000-7ff31c0a6000 r--s 00006000 08:01 9445292                    /home/manuel/.gradle/caches/modules-2/files-2.1/com.github.eHealthAfrica/dhis2-sms-compression/0.0.12/3ff4a773f939de41d52fd1e584b179bc9078b616/dhis2-sms-compression-0.0.12.jar
7ff31c0a6000-7ff31c0a9000 ---p 00000000 00:00 0 
7ff31c0a9000-7ff31c1a7000 rw-p 00000000 00:00 0 
7ff31c1a7000-7ff31c1ba000 r--s 00345000 07:13 3491                       /snap/android-studio/76/android-studio/jre/jre/lib/resources.jar
7ff31c1ba000-7ff31c3ba000 rw-p 00000000 00:00 0 
7ff31c3ba000-7ff31c3bc000 r--s 00001000 08:01 5768082                    /home/manuel/.gradle/caches/transforms-1/files-1.1/jetified-timber-4.7.1.aar/d0858be0402bd9848517268ab90cfdc9/jars/classes.jar
7ff31c3bc000-7ff31c3ee000 r--s 0020a000 08:01 9448698                    /home/manuel/.gradle/caches/modules-2/files-2.1/io.reactivex.rxjava2/rxjava/2.2.8/4b71d5338a5cdc825c67c5c81e1e605df0f1fc9d/rxjava-2.2.8.jar
7ff31c3ee000-7ff31c3ef000 r--s 00003000 08:01 12983678                   /home/manuel/.gradle/caches/transforms-1/files-1.1/adapter-rxjava2-2.5.0.jar/cea33a0fc820743f1e031ef4baec1b4f/jetified-adapter-rxjava2-2.5.0.jar
7ff31c3ef000-7ff31c3f1000 r--s 00009000 08:01 9447442                    /home/manuel/.gradle/caches/modules-2/files-2.1/com.github.akarnokd/rxjava2-interop/0.9.0/e117ec418fe662eec836073c7b52d3062420cc68/rxjava2-interop-0.9.0.jar
7ff31c3f1000-7ff31c3f2000 r--s 00002000 08:01 5111851                    /home/manuel/.gradle/caches/transforms-1/files-1.1/rxandroid-2.1.0.aar/ca2bd15b4593ca624de98073fa952392/jars/classes.jar
7ff31c3f2000-7ff31c3f4000 r--s 00003000 08:01 5768074                    /home/manuel/.gradle/caches/transforms-1/files-1.1/jetified-omfm-1.0.3.aar/9cbc6fdc4eff6826aa2fdcd2cf3be5e9/jars/classes.jar
7ff31c3f4000-7ff31c3f6000 r--s 00005000 08:01 9447233                    /home/manuel/.gradle/caches/modules-2/files-2.1/androidx.annotation/annotation/1.1.0-alpha02/11d7b1518f8e1044319820cb2568fd2f59818b26/annotation-1.1.0-alpha02.jar
7ff31c3f6000-7ff31c3f8000 r--s 00004000 08:01 9447236                    /home/manuel/.gradle/caches/modules-2/files-2.1/androidx.lifecycle/lifecycle-common/2.1.0-alpha03/c67e7807d9cd6c329b9d0218b2ec4e505dd340b7/lifecycle-common-2.1.0-alpha03.jar
7ff31c3f8000-7ff31c3f9000 r--s 00002000 08:01 9451233                    /home/manuel/.gradle/caches/modules-2/files-2.1/androidx.arch.core/core-common/2.0.0/bb21b9a11761451b51624ac428d1f1bb5deeac38/core-common-2.0.0.jar
7ff31c3f9000-7ff31c3fa000 r--s 00002000 08:01 13371954                   /home/manuel/.gradle/caches/transforms-1/files-1.1/savedstate-1.0.0-alpha02.aar/84e8d8f425831b6246f32ce33a035eec/jars/classes.jar
7ff31c3fa000-7ff31c3fc000 r--s 00001000 08:01 13371931                   /home/manuel/.gradle/caches/transforms-1/files-1.1/lifecycle-viewmodel-2.1.0-alpha03.aar/14298f0724e2a8f54e55475f3ab5e531/jars/classes.jar
7ff31c3fc000-7ff31c3fd000 r--s 00002000 08:01 12983674                   /home/manuel/.gradle/caches/transforms-1/files-1.1/lifecycle-runtime-2.1.0-alpha03.aar/c3e3b9df93a7df9d49650eef0e0c98a2/jars/classes.jar
7ff31c3fd000-7ff31c3fe000 r--s 00001000 08:01 13370144                   /home/manuel/.gradle/caches/transforms-1/files-1.1/lifecycle-process-2.0.0-rc01.aar/875b4064115587d4ad38ac0c09efce00/jars/classes.jar
7ff31c3fe000-7ff31c3ff000 r--s 00000000 08:01 13369526                   /home/manuel/.gradle/caches/transforms-1/files-1.1/lifecycle-service-2.0.0-rc01.aar/109aba943d9cfe124c57fa2c41cad651/jars/classes.jar
7ff31c3ff000-7ff31c400000 r--s 00004000 08:01 9445604                    /home/manuel/.gradle/caches/modules-2/files-2.1/androidx.concurrent/concurrent-futures/1.0.0-alpha02/b4a4a1ada5a1ba3f8df9f9e6384a0a404ccc48cb/concurrent-futures-1.0.0-alpha02.jar
7ff31c400000-7ff31c401000 r--s 00001000 08:01 9175061                    /home/manuel/.gradle/caches/transforms-1/files-1.1/core-runtime-2.0.0.aar/3cd79eb09ef84c1f558d376ad0658cc2/jars/classes.jar
7ff31c401000-7ff31c403000 r--s 00001000 08:01 9175147                    /home/manuel/.gradle/caches/transforms-1/files-1.1/lifecycle-livedata-core-2.0.0.aar/4e5317e1d594c6edcab5fc6a287da888/jars/classes.jar
7ff31c403000-7ff31c404000 r--s 00002000 08:01 9175055                    /home/manuel/.gradle/caches/transforms-1/files-1.1/lifecycle-livedata-2.0.0.aar/de8116900384ce9d7b66b4002a90199f/jars/classes.jar
7ff31c404000-7ff31c405000 r--s 0000a000 08:01 9447237                    /home/manuel/.gradle/caches/modules-2/files-2.1/androidx.collection/collection/1.1.0-alpha03/7c8e35b4d0933887a7047e5fcc43fd52045dcd54/collection-1.1.0-alpha03.jar
7ff31c405000-7ff31c406000 r--s 00007000 08:01 13240880                   /home/manuel/.gradle/caches/transforms-1/files-1.1/versionedparcelable-1.1.0-alpha02.aar/e1d2766b700e3389f10bcab3e59477de/jars/classes.jar
7ff31c406000-7ff31c412000 r--s 00098000 08:01 13114195                   /home/manuel/.gradle/caches/transforms-1/files-1.1/core-1.1.0-alpha05.aar/6905771df843227c609aa9f87953ddba/jars/classes.jar
7ff31c412000-7ff31c414000 r--s 0000a000 08:01 15335622                   /home/manuel/.gradle/caches/transforms-1/files-1.1/jetified-mapbox-android-gestures-0.4.0.aar/91ad8b7a761df0367b9293df1b77923b/jars/classes.jar
7ff31c414000-7ff31c415000 r--s 00002000 08:01 13114186                   /home/manuel/.gradle/caches/transforms-1/files-1.1/activity-1.0.0-alpha05.aar/4b5f43e5ed11a0e87965eef2a2d3f911/jars/classes.jar
7ff31c415000-7ff31c417000 r--s 00007000 08:01 9175142                    /home/manuel/.gradle/caches/transforms-1/files-1.1/loader-1.0.0.aar/d3bdec6c6e89935d6d8a114748955aec/jars/classes.jar
7ff31c417000-7ff31c419000 r--s 00007000 08:01 9175133                    /home/manuel/.gradle/caches/transforms-1/files-1.1/customview-1.0.0.aar/a1413625c7270d3022aa1baea2776d18/jars/classes.jar
7ff31c419000-7ff31c41b000 r--s 0000c000 08:01 9175126                    /home/manuel/.gradle/caches/transforms-1/files-1.1/viewpager-1.0.0.aar/bbd6a2d3331d50b4abf288502340cb5d/jars/classes.jar
7ff31c41b000-7ff31c41c000 r--s 00002000 08:01 9175129                    /home/manuel/.gradle/caches/transforms-1/files-1.1/documentfile-1.0.0.aar/6bbaa56cbe9aca2166e23393c29239e1/jars/classes.jar
7ff31c41c000-7ff31c41d000 r--s 00001000 08:01 9175112                    /home/manuel/.gradle/caches/transforms-1/files-1.1/localbroadcastmanager-1.0.0.aar/b4910aefa34d34208351ceba4335eddc/jars/classes.jar
7ff31c41d000-7ff31c41e000 r--s 00003000 08:01 9175118                    /home/manuel/.gradle/caches/transforms-1/files-1.1/print-1.0.0.aar/d3edb928072eb3807ecaa48d8ed14da6/jars/classes.jar
7ff31c41e000-7ff31c41f000 r--s 00000000 08:01 9175106                    /home/manuel/.gradle/caches/transforms-1/files-1.1/legacy-support-core-utils-1.0.0.aar/6a41f5afdca31b15d3080c154fa7d2f3/jars/classes.jar
7ff31c41f000-7ff31c420000 r--s 00002000 08:01 9447437                    /home/manuel/.gradle/caches/modules-2/files-2.1/androidx.room/room-common/2.0.0-rc01/bea2cdbd2043710c99e2e1f85040364af04d69a/room-common-2.0.0-rc01.jar
7ff31c420000-7ff31c423000 r--s 00012000 08:01 9448613                    /home/manuel/.gradle/caches/modules-2/files-2.1/androidx.paging/paging-common/2.1.0/237a3af3a88b21bd471d2a4d49a69d82dc73c43f/paging-common-2.1.0.jar
7ff31c423000-7ff31c429000 r--s 00058000 08:01 2883641                    /home/manuel/.gradle/caches/transforms-1/files-1.1/recyclerview-1.1.0-alpha03.aar/98750f15591540236451a7091d232085/jars/classes.jar
7ff31c429000-7ff31c42b000 r--s 00011000 08:01 5768051                    /home/manuel/.gradle/caches/transforms-1/files-1.1/jetified-flexbox-0.3.1.aar/6d65348080f7dad78049f1f3c5f103ed/jars/classes.jar
7ff31c42b000-7ff31c42d000 r--s 00003000 08:01 2883632                    /home/manuel/.gradle/caches/transforms-1/files-1.1/paging-runtime-2.1.0.aar/d35ff6d66044b4b3e4ace52b7e782471/jars/classes.jar
7ff31c42d000-7ff31c430000 r--s 00028000 08:01 13114180                   /home/manuel/.gradle/caches/transforms-1/files-1.1/fragment-1.1.0-alpha05.aar/c23062bca1ebe6fdc125e6e97cbd4a14/jars/classes.jar
7ff31c430000-7ff31c431000 r--s 00000000 08:01 12983663                   /home/manuel/.gradle/caches/transforms-1/files-1.1/lifecycle-extensions-2.0.0-rc01.aar/5468d9e3eeee046a604127083fee5683/jars/classes.jar
7ff31c431000-7ff31c437000 r--s 0002e000 08:01 15335614                   /home/manuel/.gradle/caches/transforms-1/files-1.1/jetified-mapbox-android-telemetry-4.2.0.aar/32981aca50e92fae70c544f5068dbed9/jars/classes.jar
7ff31c437000-7ff31c438000 r--s 00001000 08:01 9175099                    /home/manuel/.gradle/caches/transforms-1/files-1.1/asynclayoutinflater-1.0.0.aar/0460a222a16e8131d8a8e76a77aac2e1/jars/classes.jar
7ff31c438000-7ff31c439000 r--s 00001000 08:01 9175095                    /home/manuel/.gradle/caches/transforms-1/files-1.1/interpolator-1.0.0.aar/0c0838098ea21d6ec99aa11f1932880e/jars/classes.jar
7ff31c439000-7ff31c43b000 r--s 00007000 08:01 9175089                    /home/manuel/.gradle/caches/transforms-1/files-1.1/swiperefreshlayout-1.0.0.aar/c881d06baa68afd398a399bd59908ec0/jars/classes.jar
7ff31c43b000-7ff31c43c000 r--s 00005000 08:01 9175083                    /home/manuel/.gradle/caches/transforms-1/files-1.1/slidingpanelayout-1.0.0.aar/e3310c24a9f8f063acbceda3eed29987/jars/classes.jar
7ff31c43c000-7ff31c43e000 r--s 00007000 08:01 4851816                    /home/manuel/.gradle/caches/transforms-1/files-1.1/biometric-1.0.0-alpha03.aar/7f7a75ebd823a6b2e26dc91fea09b93e/jars/classes.jar
7ff31c43e000-7ff31c43f000 r--s 00002000 08:01 5768034                    /home/manuel/.gradle/caches/transforms-1/files-1.1/sqlite-2.0.0-rc01.aar/8744424f95b50f1478fe39a21e471b5e/jars/classes.jar
7ff31c43f000-7ff31c440000 r--s 00002000 08:01 5898723                    /home/manuel/.gradle/caches/transforms-1/files-1.1/sqlite-framework-2.0.0-rc01.aar/350cabe62597eb24154303f52930c82c/jars/classes.jar
7ff31c440000-7ff31c442000 r--s 0000c000 08:01 5768029                    /home/manuel/.gradle/caches/transforms-1/files-1.1/room-runtime-2.0.0-rc01.aar/b033537eb3b05b14354c7e00a452bbdf/jars/classes.jar
7ff31c442000-7ff31c44b000 r--s 00051000 08:01 3015383                    /home/manuel/.gradle/caches/transforms-1/files-1.1/media-1.0.0.aar/d6142ed09df48116f156b9116a654655/jars/classes.jar
7ff31c44b000-7ff31c44e000 ---p 00000000 00:00 0 
7ff31c44e000-7ff31c74c000 rw-p 00000000 00:00 0 
7ff31c74c000-7ff31c94c000 rw-p 00000000 00:00 0 
7ff31c94c000-7ff31cb4c000 rw-p 00000000 00:00 0 
7ff31cb4c000-7ff31cd4c000 rw-p 00000000 00:00 0 
7ff31cd4c000-7ff31cd53000 r--s 00043000 08:01 5768039                    /home/manuel/.gradle/caches/transforms-1/files-1.1/jetified-work-runtime-1.0.0-alpha10.aar/a179c9a81823e5cd1a7c19674329436e/jars/classes.jar
7ff31cd53000-7ff31cd57000 r--s 00029000 08:01 2493854                    /home/manuel/.gradle/caches/transforms-1/files-1.1/transition-1.0.1.aar/c8606ac84b6be684792d6b7528a539c3/jars/classes.jar
7ff31cd57000-7ff31cd59000 r--s 00009000 08:01 2630301                    /home/manuel/.gradle/caches/transforms-1/files-1.1/coordinatorlayout-1.1.0-alpha01.aar/6c22d507c9a2fff191f7d73ce466840d/jars/classes.jar
7ff31cd59000-7ff31cd5b000 r--s 00007000 08:01 13114173                   /home/manuel/.gradle/caches/transforms-1/files-1.1/vectordrawable-1.1.0-alpha01.aar/88e307b3e2b472231e56937a46875a14/jars/classes.jar
7ff31cd5b000-7ff31cd5c000 r--s 00007000 08:01 9175078                    /home/manuel/.gradle/caches/transforms-1/files-1.1/drawerlayout-1.0.0.aar/f7334a915119e4044bfe6d49f9827c25/jars/classes.jar
7ff31cd5c000-7ff31cd5d000 r--s 00002000 08:01 9175072                    /home/manuel/.gradle/caches/transforms-1/files-1.1/cursoradapter-1.0.0.aar/048ec052cf1b9b628a6d604f4c696aea/jars/classes.jar
7ff31cd5d000-7ff31cd5e000 r--s 00002000 08:01 9175067                    /home/manuel/.gradle/caches/transforms-1/files-1.1/legacy-support-core-ui-1.0.0.aar/c494a0bd1f6aca1c2c46d0da2ed72fd2/jars/classes.jar
7ff31cd5e000-7ff31cd60000 r--s 00007000 08:01 9175049                    /home/manuel/.gradle/caches/transforms-1/files-1.1/vectordrawable-animated-1.0.0.aar/1c7022add9f6d6ee14844718f3f8f32b/jars/classes.jar
7ff31cd60000-7ff31cd62000 r--s 0000e000 08:01 13114162                   /home/manuel/.gradle/caches/transforms-1/files-1.1/appcompat-resources-1.1.0-alpha03.aar/e8225e41fb76a66228401782f1cd9c09/jars/classes.jar
7ff31cd62000-7ff31cd63000 r--s 00000000 08:01 3015375                    /home/manuel/.gradle/caches/transforms-1/files-1.1/legacy-support-v4-1.0.0.aar/c2f59099e3d7ebd1854608c47c22b4ef/jars/classes.jar
7ff31cd63000-7ff31cd64000 r--s 00005000 08:01 5768009                    /home/manuel/.gradle/caches/transforms-1/files-1.1/jetified-core-1.9.8.aar/c863f1c22625a65be2a78ed3b7e4ebdd/jars/classes.jar
7ff31cd64000-7ff31cd65000 r--s 00001000 08:01 5768002                    /home/manuel/.gradle/caches/transforms-1/files-1.1/zxing-1.9.8.aar/b1a414caaa68b38c83778cb0ee2a91f8/jars/classes.jar
7ff31cd65000-7ff31cd6d000 r--s 0003b000 08:01 12983486                   /home/manuel/.gradle/caches/transforms-1/files-1.1/jetified-play-services-basement-16.2.0.aar/81b2d160e9cee97bbb970633f504e9b8/jars/classes.jar
7ff31cd6d000-7ff31cd6f000 r--s 00002000 08:01 14953712                   /home/manuel/.gradle/caches/transforms-1/files-1.1/jetified-play-services-ads-identifier-16.0.0.aar/05be312e5f417d926ef9963c5c63aa1e/jars/classes.jar
7ff31cd6f000-7ff31cd70000 r--s 00000000 08:01 14953588                   /home/manuel/.gradle/caches/transforms-1/files-1.1/jetified-firebase-measurement-connector-17.0.1.aar/0fb954d23f1a7efe3f729bbdb3b991f1/jars/classes.jar
7ff31cd70000-7ff31cd71000 r--s 00001000 08:01 14953467                   /home/manuel/.gradle/caches/transforms-1/files-1.1/jetified-play-services-stats-16.0.1.aar/7a27b06233afb544fbb31df462768794/jars/classes.jar
7ff31cd71000-7ff31cd77000 r--s 00038000 08:01 14953337                   /home/manuel/.gradle/caches/transforms-1/files-1.1/jetified-play-services-measurement-base-16.3.0.aar/2e5ab3accc4c5872f07852f9395eb4e0/jars/classes.jar
7ff31cd77000-7ff31cd79000 r--s 00007000 08:01 14953274                   /home/manuel/.gradle/caches/transforms-1/files-1.1/jetified-play-services-tasks-16.0.1.aar/049516c2e851a480f44aea6533fea8ab/jars/classes.jar
7ff31cd79000-7ff31cd7b000 r--s 0000c000 08:01 14817920                   /home/manuel/.gradle/caches/transforms-1/files-1.1/jetified-firebase-common-16.0.3.aar/edc428e3f29a2a1b1a1dd707c6338193/jars/classes.jar
7ff31cd7b000-7ff31cd7c000 r--s 00001000 08:01 14817911                   /home/manuel/.gradle/caches/transforms-1/files-1.1/play-services-places-placereport-16.0.0.aar/97eb79c21517ed51804c6aff2e94a367/jars/classes.jar
7ff31cd7c000-7ff31cd87000 r--s 00062000 08:01 14813699                   /home/manuel/.gradle/caches/transforms-1/files-1.1/jetified-play-services-base-16.0.1.aar/2aac04b471bb2c3d292fd748800a94ad/jars/classes.jar
7ff31cd87000-7ff31cd88000 r--s 00000000 08:01 14813692                   /home/manuel/.gradle/caches/transforms-1/files-1.1/jetified-firebase-iid-interop-16.0.1.aar/06e11f3e3ba8842d46e681a5802d3045/jars/classes.jar
7ff31cd88000-7ff31cd8b000 r--s 00012000 08:01 14813672                   /home/manuel/.gradle/caches/transforms-1/files-1.1/jetified-firebase-iid-17.0.3.aar/02d4d0604d93c9749a8460eda5fbc96c/jars/classes.jar
7ff31cd8b000-7ff31cd90000 r--s 00035000 08:01 14813662                   /home/manuel/.gradle/caches/transforms-1/files-1.1/jetified-firebase-analytics-impl-16.3.0.aar/d59cbd941230614929b426ec71f904ea/jars/classes.jar
7ff31cd90000-7ff31cd92000 r--s 00004000 08:01 14813655                   /home/manuel/.gradle/caches/transforms-1/files-1.1/jetified-firebase-abt-16.0.1.aar/a10d66613d3ab7eaab3056a9ba8ab91f/jars/classes.jar
7ff31cd92000-7ff31cd93000 r--s 00001000 08:01 14813634                   /home/manuel/.gradle/caches/transforms-1/files-1.1/jetified-play-services-measurement-api-16.3.0.aar/4a56c23973b015309e932f221a823b20/jars/classes.jar
7ff31cd93000-7ff31cd96000 r--s 0002c000 08:01 14813613                   /home/manuel/.gradle/caches/transforms-1/files-1.1/jetified-firebase-analytics-16.3.0.aar/af6d1908d9ce48cbcf4ed206f0bafb2a/jars/classes.jar
7ff31cd96000-7ff31cd97000 r--s 00003000 08:01 14813603                   /home/manuel/.gradle/caches/transforms-1/files-1.1/jetified-firebase-measurement-connector-impl-17.0.5.aar/e98a0560fc6e4ab6553f23d129ca1575/jars/classes.jar
7ff31cd97000-7ff31cd98000 r--s 00000000 08:01 12983468                   /home/manuel/.gradle/caches/transforms-1/files-1.1/firebase-core-16.0.7.aar/81542528b24731b205f76d2115fede4c/jars/classes.jar
7ff31cd98000-7ff31cd9a000 r--s 00006000 08:01 14813593                   /home/manuel/.gradle/caches/transforms-1/files-1.1/jetified-play-services-phenotype-16.0.0.aar/c9dbb98a7e33d42f2fad143644b31e0c/jars/classes.jar
7ff31cd9a000-7ff31cd9d000 r--s 00013000 08:01 14813584                   /home/manuel/.gradle/caches/transforms-1/files-1.1/jetified-firebase-config-16.1.2.aar/77d0e37928a9d85a28f9759520938bfc/jars/classes.jar
7ff31cd9d000-7ff31cda7000 r--s 0004f000 08:01 14813623                   /home/manuel/.gradle/caches/transforms-1/files-1.1/jetified-play-services-clearcut-16.0.0.aar/1cdf50f093bd8f08a4bcb8658e8a8701/jars/classes.jar
7ff31cda7000-7ff31cdac000 r--s 0002f000 08:01 14813572                   /home/manuel/.gradle/caches/transforms-1/files-1.1/jetified-play-services-analytics-impl-16.0.7.aar/c1fd2d1c7b02b2dc8ee184cb3c72b545/jars/classes.jar
7ff31cdac000-7ff31cdb3000 r--s 00035000 08:01 14813564                   /home/manuel/.gradle/caches/transforms-1/files-1.1/jetified-play-services-tagmanager-v4-impl-16.0.7.aar/b5876663b13783f8abe85f1831790438/jars/classes.jar
7ff31cdb3000-7ff31cdb6000 r--s 0000b000 08:01 14419247                   /home/manuel/.gradle/caches/transforms-1/files-1.1/jetified-play-services-safetynet-16.0.0.aar/36d42ddca4d8a158ca6847f70d732953/jars/classes.jar
7ff31cdb6000-7ff31cdc0000 r--s 00056000 08:01 12983472                   /home/manuel/.gradle/caches/transforms-1/files-1.1/jetified-firebase-perf-16.2.3.aar/cded3abba175d1c1317ead8ccbd7b7cc/jars/classes.jar
7ff31cdc0000-7ff31cdc1000 r--s 00000000 08:01 12983442                   /home/manuel/.gradle/caches/transforms-1/files-1.1/jetified-play-services-analytics-16.0.7.aar/8d4b0ed0f59db9bf4b07e5756dab0191/jars/classes.jar
7ff31cdc1000-7ff31cdc6000 r--s 0001e000 08:01 12983431                   /home/manuel/.gradle/caches/transforms-1/files-1.1/jetified-play-services-location-16.0.0.aar/3c616eef31bb7eb28b6c17ee804758a6/jars/classes.jar
7ff31cdc6000-7ff31cdc8000 r--s 00004000 08:01 8916215                    /home/manuel/.gradle/caches/transforms-1/files-1.1/cardview-1.0.0.aar/47eaba7358ffa4ff28da820e2339ffda/jars/classes.jar
7ff31cdc8000-7ff31cdd7000 r--s 00096000 08:01 12983456                   /home/manuel/.gradle/caches/transforms-1/files-1.1/jetified-glide-4.9.0.aar/309e05a2d2a13ec9b6b15608ab3b405e/jars/classes.jar
7ff31cdd7000-7ff31cdde000 r--s 0002c000 08:01 5767971                    /home/manuel/.gradle/caches/transforms-1/files-1.1/jetified-rxbinding-2.1.1.aar/0d509db3d2b8adfaaf6ae680761cbb09/jars/classes.jar
7ff31cdde000-7ff31ce3f000 r--s 0031b000 08:01 12976326                   /home/manuel/.gradle/caches/transforms-1/files-1.1/android-core-0.17.0-SNAPSHOT.aar/3b8e60d4cea95889f448650d7b3711cc/jars/classes.jar
7ff31ce3f000-7ff31ce42000 ---p 00000000 00:00 0 
7ff31ce42000-7ff31d140000 rw-p 00000000 00:00 0 
7ff31d140000-7ff31d340000 rw-p 00000000 00:00 0 
7ff31d340000-7ff31d540000 rw-p 00000000 00:00 0 
7ff31d540000-7ff31d740000 rw-p 00000000 00:00 0 
7ff31d740000-7ff31d940000 rw-p 00000000 00:00 0 
7ff31d940000-7ff31db40000 rw-p 00000000 00:00 0 
7ff31db40000-7ff31dd40000 rw-p 00000000 00:00 0 
7ff31dd40000-7ff324000000 rw-p 00000000 00:00 0 
7ff324000000-7ff324040000 rw-p 00000000 00:00 0 
7ff324040000-7ff328000000 ---p 00000000 00:00 0 
7ff328000000-7ff328001000 r--s 00004000 08:01 12983421                   /home/manuel/.gradle/caches/transforms-1/files-1.1/jetified-gifdecoder-4.9.0.aar/be0cb6489790f32f244cd1d2c89e023a/jars/classes.jar
7ff328001000-7ff328003000 r--s 00007000 08:01 5767997                    /home/manuel/.gradle/caches/transforms-1/files-1.1/jetified-sqlbrite-2.0.0.aar/6abc4d6f1124a2615e22c1befecb706b/jars/classes.jar
7ff328003000-7ff328004000 r--s 00001000 08:01 5767991                    /home/manuel/.gradle/caches/transforms-1/files-1.1/sqlbrite-migrations-v1.0.1.aar/66090f9c34c83b0c9db7ae5ec52422bd/jars/classes.jar
7ff328004000-7ff328005000 r--s 00007000 08:01 5767980                    /home/manuel/.gradle/caches/transforms-1/files-1.1/jetified-sqlbrite-3.2.0.aar/a5bc35b585d90582a1593be41ecd7eb1/jars/classes.jar
7ff328005000-7ff32800f000 r--s 0009c000 08:01 12978749                   /home/manuel/.gradle/caches/transforms-1/files-1.1/appcompat-1.1.0-alpha03.aar/6505eca577a53c93516686323b55de66/jars/classes.jar
7ff32800f000-7ff328016000 r--s 00047000 08:01 5767962                    /home/manuel/.gradle/caches/transforms-1/files-1.1/lottie-2.8.0.aar/d5f87f7fabba662d4d5ed70e2dcdb373/jars/classes.jar
7ff328016000-7ff328024000 r--s 000ab000 08:01 3014894                    /home/manuel/.gradle/caches/transforms-1/files-1.1/material-1.1.0-alpha06.aar/e2b96a48251dc805a4eba6c4a4f34a4a/jars/classes.jar
7ff328024000-7ff328032000 r--s 00087000 08:01 15335648                   /home/manuel/.gradle/caches/transforms-1/files-1.1/jetified-mapbox-android-sdk-7.2.0.aar/a4f28ec8230be6d3246b7c0f18959b1f/jars/classes.jar
7ff328032000-7ff32805d000 r--s 0028a000 08:01 9447723                    /home/manuel/.gradle/caches/modules-2/files-2.1/com.google.errorprone/javac-shaded/9-dev-r4023-3/72b688efd290280a0afde5f9892b0fde6f362d1d/javac-shaded-9-dev-r4023-3.jar
7ff32805d000-7ff328081000 r--p 00000000 08:01 14944390                   /usr/share/locale-langpack/es/LC_MESSAGES/libc.mo
7ff328081000-7ff328082000 r--s 00007000 08:01 2883660                    /home/manuel/.gradle/caches/transforms-1/files-1.1/viewpager2-1.0.0-alpha02.aar/f0c985fb5f67fe389da60465f07c7b1f/jars/classes.jar
7ff328082000-7ff328087000 r--s 00048000 08:01 12978658                   /home/manuel/.gradle/caches/transforms-1/files-1.1/constraintlayout-2.0.0-alpha3.aar/87c24143fc37a8df7996a17cddf311ca/jars/classes.jar
7ff328087000-7ff328089000 r--s 00008000 08:01 15335603                   /home/manuel/.gradle/caches/transforms-1/files-1.1/jetified-dexter-5.0.0.aar/dd995ca7a061f55a64b4e6468ba62d8d/jars/classes.jar
7ff328089000-7ff32808b000 r--s 00004000 08:01 14550496                   /home/manuel/.gradle/caches/transforms-1/files-1.1/jetified-utils-0.7.0.aar/fcc80a6b971b7f6a15b94f40ab567bdd/jars/classes.jar
7ff32808b000-7ff32808c000 r--s 00005000 08:01 5767938                    /home/manuel/.gradle/caches/transforms-1/files-1.1/jetified-customactivityoncrash-2.2.0.aar/dc8b0693f4e489b6a7c2299613d0eac3/jars/classes.jar
7ff32808c000-7ff328092000 r--s 00039000 08:01 15335464                   /home/manuel/.gradle/caches/transforms-1/files-1.1/jetified-library-0.7.1.aar/eeb4b665b0353723ec681033948dc26f/jars/classes.jar
7ff328092000-7ff328094000 r--s 00005000 08:01 5899116                    /home/manuel/.gradle/caches/transforms-1/files-1.1/jetified-rxbinding-appcompat-v7-2.1.1.aar/d78bf8a9dda1c2c1f2f229ff64acbaa3/jars/classes.jar
7ff328094000-7ff328096000 r--s 00005000 08:01 5767917                    /home/manuel/.gradle/caches/transforms-1/files-1.1/jetified-pinlockview-2.1.0.aar/17258f62ed1f3f708ef20447823ddcde/jars/classes.jar
7ff328096000-7ff328099000 r--s 00019000 08:01 12978602                   /home/manuel/.gradle/caches/transforms-1/files-1.1/jetified-tableview-0.8.8.aar/702afa34dbd6f907a99a6569aaef9344/jars/classes.jar
7ff328099000-7ff32809b000 r--s 00006000 08:01 5767905                    /home/manuel/.gradle/caches/transforms-1/files-1.1/atv-1.2.9.aar/6a5149a50dec553263727317dbcdd473/jars/classes.jar
7ff32809b000-7ff32809d000 r--s 00005000 08:01 14696378                   /home/manuel/StudioProjects/dhis2-android-capture-app/viewpagerdotsindicator/build/intermediates/intermediate-jars/debug/classes.jar
7ff32809d000-7ff3280a2000 r--s 00025000 08:01 12846185                   /home/manuel/StudioProjects/dhis2-android-capture-app/dhis2-rule-engine/build/libs/dhis2-rule-engine.jar
7ff3280a2000-7ff3280a4000 r--s 0000b000 08:01 14954634                   /home/manuel/StudioProjects/dhis2-android-capture-app/customFab/build/intermediates/intermediate-jars/debug/classes.jar
7ff3280a4000-7ff3280a7000 r--s 0000e000 08:01 12978574                   /home/manuel/.gradle/caches/transforms-1/files-1.1/databinding-runtime-3.2.1.aar/9294ac414970bff9ab46ba4b73201f14/jars/classes.jar
7ff3280a7000-7ff3280aa000 r--s 00011000 08:01 12978540                   /home/manuel/.gradle/caches/transforms-1/files-1.1/databinding-adapters-3.2.1.aar/68342a349d558a4c118eca8d0fb542f8/jars/classes.jar
7ff3280aa000-7ff3280c2000 r--s 00156000 08:01 15336336                   /home/manuel/.gradle/caches/transforms-1/files-1.1/antlr4-4.5.3.jar/9c928e90719c6ad27cb9aa11934bde42/jetified-antlr4-4.5.3.jar
7ff3280c2000-7ff3280f6000 r--s 0025d000 08:01 6947442                    /home/manuel/.gradle/caches/transforms-1/files-1.1/guava-23.3-jre.jar/743cecbb60fe32c2a9cb41a5e875fb83/jetified-guava-23.3-jre.jar
7ff3280f6000-7ff3280f9000 ---p 00000000 00:00 0 
7ff3280f9000-7ff3283f7000 rw-p 00000000 00:00 0 
7ff3283f7000-7ff3285f7000 rw-p 00000000 00:00 0 
7ff3285f7000-7ff3285fa000 ---p 00000000 00:00 0 
7ff3285fa000-7ff3286f8000 rw-p 00000000 00:00 0 
7ff3286f8000-7ff3286fb000 ---p 00000000 00:00 0 
7ff3286fb000-7ff3287f9000 rw-p 00000000 00:00 0 
7ff3287f9000-7ff3287fc000 ---p 00000000 00:00 0 
7ff3287fc000-7ff328afa000 rw-p 00000000 00:00 0 
7ff328afa000-7ff328afd000 ---p 00000000 00:00 0 
7ff328afd000-7ff328bfb000 rw-p 00000000 00:00 0 
7ff328bfb000-7ff328bfe000 ---p 00000000 00:00 0 
7ff328bfe000-7ff328cfc000 rw-p 00000000 00:00 0 
7ff328cfc000-7ff328cff000 ---p 00000000 00:00 0 
7ff328cff000-7ff328dfd000 rw-p 00000000 00:00 0 
7ff328dfd000-7ff328e00000 ---p 00000000 00:00 0 
7ff328e00000-7ff328efe000 rw-p 00000000 00:00 0 
7ff328efe000-7ff328f01000 ---p 00000000 00:00 0 
7ff328f01000-7ff32c000000 rw-p 00000000 00:00 0 
7ff32c000000-7ff32c021000 rw-p 00000000 00:00 0 
7ff32c021000-7ff330000000 ---p 00000000 00:00 0 
7ff330000000-7ff3303ad000 rw-p 00000000 00:00 0 
7ff3303ad000-7ff334000000 ---p 00000000 00:00 0 
7ff334000000-7ff334037000 rw-p 00000000 00:00 0 
7ff334037000-7ff338000000 ---p 00000000 00:00 0 
7ff338000000-7ff338001000 r--s 00006000 08:01 5767829                    /home/manuel/.gradle/caches/transforms-1/files-1.1/multidex-2.0.1.aar/0631837a49d1eb78962dad3a9c0eb703/jars/classes.jar
7ff338001000-7ff338002000 r--s 00000000 08:01 9449762                    /home/manuel/.gradle/caches/modules-2/files-2.1/org.jetbrains.kotlin/kotlin-stdlib-jdk7/1.2.71/4ce93f539e2133f172f1167291a911f83400a5d0/kotlin-stdlib-jdk7-1.2.71.jar
7ff338002000-7ff338003000 r--s 00001000 08:01 9449776                    /home/manuel/.gradle/caches/modules-2/files-2.1/com.android.tools/annotations/26.2.1/5f9b112634e53890e16cc2947989bc2bc048734e/annotations-26.2.1.jar
7ff338003000-7ff338008000 r--s 00035000 08:01 15336330                   /home/manuel/.gradle/caches/transforms-1/files-1.1/gson-2.8.0.jar/63da3af2ca7d3a28cc6c87c58cf5e30d/jetified-gson-2.8.0.jar
7ff338008000-7ff33800b000 r--s 0001c000 08:01 9447942                    /home/manuel/.gradle/caches/modules-2/files-2.1/com.android.tools.build.jetifier/jetifier-core/1.0.0-alpha10/9eb7027c383061de12f93aae7a22cbeb97832d2a/jetifier-core-1.0.0-alpha10.jar
7ff33800b000-7ff33800c000 r--s 00003000 08:01 9449779                    /home/manuel/.gradle/caches/modules-2/files-2.1/com.android.databinding/baseLibrary/3.2.1/62174ecf31e2e3e4dd7a21cbd05399e11d0a9699/baseLibrary-3.2.1.jar
7ff33800c000-7ff33800d000 r--s 00000000 08:01 9445635                    /home/manuel/.gradle/caches/modules-2/files-2.1/org.codehaus.mojo/animal-sniffer-annotations/1.14/775b7e22fb10026eed3f86e8dc556dfafe35f2d5/animal-sniffer-annotations-1.14.jar
7ff33800d000-7ff33800f000 r--s 00001000 08:01 9445633                    /home/manuel/.gradle/caches/modules-2/files-2.1/com.google.j2objc/j2objc-annotations/1.1/976d8d30bebc251db406f2bdb3eb01962b5685b3/j2objc-annotations-1.1.jar
7ff33800f000-7ff338010000 r--s 00002000 08:01 5507964                    /home/manuel/.gradle/caches/transforms-1/files-1.1/error_prone_annotations-2.0.18.jar/d2d3ab8acff520473caefc73460707d1/jetified-error_prone_annotations-2.0.18.jar
7ff338010000-7ff338011000 r--s 00001000 08:01 9447722                    /home/manuel/.gradle/caches/modules-2/files-2.1/org.checkerframework/checker-compat-qual/2.3.0/69cb4fea55a9d89b8827d107f17c985cc1a76052/checker-compat-qual-2.3.0.jar
7ff338011000-7ff338014000 r--s 00033000 08:01 9445623                    /home/manuel/.gradle/caches/modules-2/files-2.1/com.googlecode.juniversalchardet/juniversalchardet/1.0.3/cd49678784c46aa8789c060538e0154013bb421b/juniversalchardet-1.0.3.jar
7ff338014000-7ff33801a000 r--s 0003c000 08:01 15336329                   /home/manuel/.gradle/caches/transforms-1/files-1.1/commons-codec-1.9.jar/bb4fb80f26b7a249384bcb9ecc58cec1/jetified-commons-codec-1.9.jar
7ff33801a000-7ff33801e000 r--s 0002a000 08:01 15336332                   /home/manuel/.gradle/caches/transforms-1/files-1.1/commons-io-2.4.jar/09dd1790755a2c1cd75ef78e4154d418/jetified-commons-io-2.4.jar
7ff33801e000-7ff338020000 r--s 00002000 08:01 9449755                    /home/manuel/.gradle/caches/modules-2/files-2.1/org.jetbrains.kotlin/kotlin-stdlib-jdk8/1.2.71/5470d1f752cd342edb77e1062bac07e838d2cea4/kotlin-stdlib-jdk8-1.2.71.jar
7ff338020000-7ff338021000 r--s 00003000 08:01 9449777                    /home/manuel/.gradle/caches/modules-2/files-2.1/androidx.databinding/databinding-common/3.2.1/91c10c7ce255ab29ec4aea8a469d6c8ffa60bd53/databinding-common-3.2.1.jar
7ff338021000-7ff338022000 r--s 00000000 08:01 9445278                    /home/manuel/.gradle/caches/modules-2/files-2.1/com.github.bumptech.glide/annotations/4.9.0/ccdd6bc8b4f3c001fbddec29ecddd515a13203c4/annotations-4.9.0.jar
7ff338022000-7ff338029000 r--s 00064000 08:01 6029446                    /home/manuel/.gradle/caches/transforms-1/files-1.1/commons-lang3-3.4.jar/6ebdd6c6a008d32eaa831079513d36c7/jetified-commons-lang3-3.4.jar
7ff338029000-7ff33802a000 r--s 00000000 08:01 9447724                    /home/manuel/.gradle/caches/modules-2/files-2.1/com.ryanharter.auto.value/auto-value-parcel-adapter/0.2.5/743a98fe0082bd37d262155b646e9103f1bbba60/auto-value-parcel-adapter-0.2.5.jar
7ff33802a000-7ff33802b000 r--s 00000000 08:01 9447460                    /home/manuel/.gradle/caches/modules-2/files-2.1/com.gabrielittner.auto.value/auto-value-cursor-annotations/1.0.1/9311ff1f503a8288fc24d27072286a80cf41452f/auto-value-cursor-annotations-1.0.1.jar
7ff33802b000-7ff33802c000 r--s 00000000 08:01 9446327                    /home/manuel/.gradle/caches/modules-2/files-2.1/javax.inject/javax.inject/1/6975da39a7040257bd51d21a231b76c915872d38/javax.inject-1.jar
7ff33802c000-7ff33802e000 r--s 00015000 08:01 15336334                   /home/manuel/.gradle/caches/transforms-1/files-1.1/javapoet-1.8.0.jar/2065698cbe15b1d4ae17c300a6ff1179/jetified-javapoet-1.8.0.jar
7ff33802e000-7ff338035000 r--s 00052000 08:01 9449745                    /home/manuel/.gradle/caches/modules-2/files-2.1/androidx.databinding/databinding-compiler-common/3.2.1/dee402009966fb2d3bb03e3186f3f16b9c503c86/databinding-compiler-common-3.2.1.jar
7ff338035000-7ff338038000 r--s 0000f000 08:01 6029449                    /home/manuel/.gradle/caches/transforms-1/files-1.1/auto-common-0.6.jar/d53612e102a22ac564462564497a6091/jetified-auto-common-0.6.jar
7ff338038000-7ff33803c000 r--s 00033000 08:01 15336337                   /home/manuel/.gradle/caches/transforms-1/files-1.1/google-java-format-1.4.jar/5178e6a4c138c53d242bf1e4eae15c9a/jetified-google-java-format-1.4.jar
7ff33803c000-7ff33803f000 r--s 0000f000 08:01 9447728                    /home/manuel/.gradle/caches/modules-2/files-2.1/com.google.dagger/dagger-producers/2.14.1/293df009cf418ca4d4adb68a4d2210be8022861f/dagger-producers-2.14.1.jar
7ff33803f000-7ff33804a000 r--s 000f5000 08:01 9447227                    /home/manuel/.gradle/caches/modules-2/files-2.1/androidx.databinding/databinding-compiler/3.2.1/7f0675f8d406183b9e35eea3faaef3f65f3d3d58/databinding-compiler-3.2.1.jar
7ff33804a000-7ff338051000 r--s 0003d000 08:01 15336339                   /home/manuel/.gradle/caches/transforms-1/files-1.1/compiler-4.9.0.jar/d434fa789a9983d1b19095859be3ad88/jetified-compiler-4.9.0.jar
7ff338051000-7ff338071000 r--s 0016c000 08:01 1442213                    /home/manuel/.gradle/caches/transforms-1/files-1.1/auto-value-1.5.2.jar/7d81b9ec4d7a295ba52d6b5392ccb7d1/jetified-auto-value-1.5.2.jar
7ff338071000-7ff3380ac000 r--s 00236000 08:01 6422549                    /home/manuel/.gradle/caches/transforms-1/files-1.1/auto-value-cursor-1.0.1.jar/24ae56940a9fcbafbcc4e0251a238592/jetified-auto-value-cursor-1.0.1.jar
7ff3380ac000-7ff3380bf000 r--s 0010e000 08:01 9450707                    /home/manuel/.gradle/caches/modules-2/files-2.1/org.jetbrains.kotlin/kotlin-stdlib/1.3.0/a134b0cfe9bb44f98b0b3e889cda07923eea9428/kotlin-stdlib-1.3.0.jar
7ff3380bf000-7ff3380c3000 r--s 00025000 08:01 9447774                    /home/manuel/.gradle/caches/modules-2/files-2.1/io.reactivex.rxjava2/rxkotlin/2.3.0/37d8fb3406df28bfc84fa0234b11067931369bc5/rxkotlin-2.3.0.jar
7ff3380c3000-7ff3380ca000 r--s 0001e000 08:01 9450711                    /home/manuel/.gradle/caches/modules-2/files-2.1/org.jetbrains.kotlin/kotlin-stdlib-common/1.3.0/84a2e0288dc17cd64d692eb1e5e0de8cd5ff0846/kotlin-stdlib-common-1.3.0.jar
7ff3380ca000-7ff3380d1000 r--s 00000000 08:01 13503337                   /usr/lib/x86_64-linux-gnu/gconv/gconv-modules.cache
7ff3380d1000-7ff3380d2000 r--s 00001000 08:01 9447725                    /home/manuel/.gradle/caches/modules-2/files-2.1/javax.annotation/jsr250-api/1.0/5025422767732a1ab45d93abfea846513d742dcf/jsr250-api-1.0.jar
7ff3380d2000-7ff3380d3000 r--s 00002000 08:01 6029452                    /home/manuel/.gradle/caches/transforms-1/files-1.1/auto-service-1.0-rc2.jar/8b00e024c78031b112f1c74f9b25ce43/jetified-auto-service-1.0-rc2.jar
7ff3380d3000-7ff3380d9000 r--s 0006a000 08:01 15335629                   /home/manuel/.gradle/caches/transforms-1/files-1.1/threetenbp-1.3.7-no-tzdb.jar/74497a802bff115a8e09538e7adeb025/jetified-threetenbp-1.3.7-no-tzdb.jar
7ff3380d9000-7ff3380db000 r--s 00008000 08:01 9447444                    /home/manuel/.gradle/caches/modules-2/files-2.1/com.google.dagger/dagger/2.14.1/3784d6ed15ecebfa999b26ed0aaeb2b4194e0d3/dagger-2.14.1.jar
7ff3380db000-7ff3380e7000 r--s 000b9000 08:01 9447731                    /home/manuel/.gradle/caches/modules-2/files-2.1/com.google.dagger/dagger-compiler/2.14.1/511839fdabf094b533701e7d9ae0eb7886363934/dagger-compiler-2.14.1.jar
7ff3380e7000-7ff3380eb000 r--s 00018000 08:01 14811715                   /home/manuel/.gradle/caches/transforms-1/files-1.1/retrofit-2.5.0.jar/cd6d61e55acd1293c71664c3616cb8e0/jetified-retrofit-2.5.0.jar
7ff3380eb000-7ff3380ef000 r--s 00042000 08:01 9445520                    /home/manuel/.gradle/caches/modules-2/files-2.1/org.jetbrains.kotlin/kotlin-annotation-processing-gradle/1.2.71/9786b76a77080e76ced78e7c9165076b5eaa3467/kotlin-annotation-processing-gradle-1.2.71.jar
7ff3380ef000-7ff3380f6000 r--s 0004b000 08:01 9445522                    /home/manuel/.gradle/caches/modules-2/files-2.1/org.jetbrains.kotlin/kotlin-android-extensions/1.2.71/bda3ee49317ef7a1e8058de61f91abe94c015538/kotlin-android-extensions-1.2.71.jar
7ff3380f6000-7ff3380f8000 r--s 00015000 08:01 9447729                    /home/manuel/.gradle/caches/modules-2/files-2.1/com.google.dagger/dagger-spi/2.14.1/6369f91dc5d030c28c16bf7ed8fd8c8e45c7bbec/dagger-spi-2.14.1.jar
7ff3380f8000-7ff3380f9000 r--s 00005000 08:01 9447730                    /home/manuel/.gradle/caches/modules-2/files-2.1/com.ryanharter.auto.value/auto-value-parcel/0.2.5/6ae055d153a9a49e25a3c2837fad8f4b173362a8/auto-value-parcel-0.2.5.jar
7ff3380f9000-7ff3380fb000 r--s 00004000 08:01 4851807                    /home/manuel/.gradle/caches/transforms-1/files-1.1/rxbiometric-0.1.0.aar/c2991735cf4c0040a9a74fe540642a72/jars/classes.jar
7ff3380fb000-7ff3380fd000 r--s 00015000 08:01 9448168                    /home/manuel/.gradle/caches/modules-2/files-2.1/xpp3/xpp3/1.1.3.3/64f9d2bb88f58ad2a15a4301487d977ee9b4294/xpp3-1.1.3.3.jar
7ff3380fd000-7ff338100000 ---p 00000000 00:00 0 
7ff338100000-7ff3381fe000 rw-p 00000000 00:00 0 
7ff3381fe000-7ff338203000 r--s 0009a000 07:13 3478                       /snap/android-studio/76/android-studio/jre/jre/lib/jsse.jar
7ff338203000-7ff33827d000 r--s 010fd000 07:13 3519                       /snap/android-studio/76/android-studio/jre/lib/tools.jar
7ff33827d000-7ff338283000 r--s 00016000 08:01 9445530                    /home/manuel/.gradle/caches/modules-2/files-2.1/org.jetbrains.kotlin/kotlin-stdlib-common/1.2.71/ba18ca1aa0e40eb6f1865b324af2f4cbb691c1ec/kotlin-stdlib-common-1.2.71.jar
7ff338283000-7ff338299000 r-xp 00000000 07:13 3412                       /snap/android-studio/76/android-studio/jre/jre/lib/amd64/libnet.so
7ff338299000-7ff33829a000 rw-p 00016000 07:13 3412                       /snap/android-studio/76/android-studio/jre/jre/lib/amd64/libnet.so
7ff33829a000-7ff3382aa000 r-xp 00000000 07:13 3413                       /snap/android-studio/76/android-studio/jre/jre/lib/amd64/libnio.so
7ff3382aa000-7ff3382ab000 rw-p 00010000 07:13 3413                       /snap/android-studio/76/android-studio/jre/jre/lib/amd64/libnio.so
7ff3382ab000-7ff3382b3000 r-xp 00000000 07:13 3410                       /snap/android-studio/76/android-studio/jre/jre/lib/amd64/libmanagement.so
7ff3382b3000-7ff3382b4000 rw-p 00007000 07:13 3410                       /snap/android-studio/76/android-studio/jre/jre/lib/amd64/libmanagement.so
7ff3382b4000-7ff3382cf000 r--s 00394000 07:13 3438                       /snap/android-studio/76/android-studio/jre/jre/lib/ext/cldrdata.jar
7ff3382cf000-7ff338305000 r--s 0024a000 08:01 9445525                    /home/manuel/.gradle/caches/modules-2/files-2.1/org.jetbrains.kotlin/kotlin-reflect/1.2.71/7512db3b3182753bd2e48ce8d345abbadc40fe6b/kotlin-reflect-1.2.71.jar
7ff338305000-7ff338343000 rw-p 00000000 00:00 0 
7ff338343000-7ff338510000 r--s 019f5000 08:01 9445523                    /home/manuel/.gradle/caches/modules-2/files-2.1/org.jetbrains.kotlin/kotlin-compiler-embeddable/1.2.71/a79f934bfbc1c7e16638da3474feab351735f1c0/kotlin-compiler-embeddable-1.2.71.jar
7ff338510000-7ff338511000 ---p 00000000 00:00 0 
7ff338511000-7ff338611000 rw-p 00000000 00:00 0 
7ff338611000-7ff338614000 ---p 00000000 00:00 0 
7ff338614000-7ff338712000 rw-p 00000000 00:00 0 
7ff338712000-7ff338713000 ---p 00000000 00:00 0 
7ff338713000-7ff338716000 ---p 00000000 00:00 0 
7ff338716000-7ff338813000 rw-p 00000000 00:00 0 
7ff338813000-7ff338814000 ---p 00000000 00:00 0 
7ff338814000-7ff338817000 ---p 00000000 00:00 0 
7ff338817000-7ff338914000 rw-p 00000000 00:00 0 
7ff338914000-7ff338915000 ---p 00000000 00:00 0 
7ff338915000-7ff338918000 ---p 00000000 00:00 0 
7ff338918000-7ff338a15000 rw-p 00000000 00:00 0 
7ff338a15000-7ff338a18000 ---p 00000000 00:00 0 
7ff338a18000-7ff338b16000 rw-p 00000000 00:00 0 
7ff338b16000-7ff3394e5000 r--p 00000000 08:01 13245097                   /usr/lib/locale/locale-archive
7ff3394e5000-7ff3394e8000 ---p 00000000 00:00 0 
7ff3394e8000-7ff3395e6000 rw-p 00000000 00:00 0 
7ff3395e6000-7ff3395e9000 ---p 00000000 00:00 0 
7ff3395e9000-7ff3396e7000 rw-p 00000000 00:00 0 
7ff3396e7000-7ff3396e8000 ---p 00000000 00:00 0 
7ff3396e8000-7ff33a79c000 rw-p 00000000 00:00 0 
7ff33a79c000-7ff33a96d000 r--s 03c8a000 07:13 3492                       /snap/android-studio/76/android-studio/jre/jre/lib/rt.jar
7ff33a96d000-7ff33b7ef000 rw-p 00000000 00:00 0 
7ff33b7ef000-7ff33b7f0000 ---p 00000000 00:00 0 
7ff33b7f0000-7ff33b8f0000 rw-p 00000000 00:00 0 
7ff33b8f0000-7ff33b8f1000 ---p 00000000 00:00 0 
7ff33b8f1000-7ff33b9f1000 rw-p 00000000 00:00 0 
7ff33b9f1000-7ff33b9f2000 ---p 00000000 00:00 0 
7ff33b9f2000-7ff33baf2000 rw-p 00000000 00:00 0 
7ff33baf2000-7ff33baf3000 ---p 00000000 00:00 0 
7ff33baf3000-7ff33bcdd000 rw-p 00000000 00:00 0 
7ff33bcdd000-7ff33bffb000 ---p 00000000 00:00 0 
7ff33bffb000-7ff33c0e5000 rw-p 00000000 00:00 0 
7ff33c0e5000-7ff33c403000 ---p 00000000 00:00 0 
7ff33c403000-7ff33c607000 rw-p 00000000 00:00 0 
7ff33c607000-7ff33c84f000 rw-p 00000000 00:00 0 
7ff33c84f000-7ff33c9c8000 ---p 00000000 00:00 0 
7ff33c9c8000-7ff345b68000 rwxp 00000000 00:00 0 
7ff345b68000-7ff34b9c8000 ---p 00000000 00:00 0 
7ff34b9c8000-7ff34b9d3000 r-xp 00000000 08:01 8524553                    /lib/x86_64-linux-gnu/libnss_files-2.27.so
7ff34b9d3000-7ff34bbd2000 ---p 0000b000 08:01 8524553                    /lib/x86_64-linux-gnu/libnss_files-2.27.so
7ff34bbd2000-7ff34bbd3000 r--p 0000a000 08:01 8524553                    /lib/x86_64-linux-gnu/libnss_files-2.27.so
7ff34bbd3000-7ff34bbd4000 rw-p 0000b000 08:01 8524553                    /lib/x86_64-linux-gnu/libnss_files-2.27.so
7ff34bbd4000-7ff34bbda000 rw-p 00000000 00:00 0 
7ff34bbda000-7ff34bbf1000 r-xp 00000000 08:01 8524547                    /lib/x86_64-linux-gnu/libnsl-2.27.so
7ff34bbf1000-7ff34bdf0000 ---p 00017000 08:01 8524547                    /lib/x86_64-linux-gnu/libnsl-2.27.so
7ff34bdf0000-7ff34bdf1000 r--p 00016000 08:01 8524547                    /lib/x86_64-linux-gnu/libnsl-2.27.so
7ff34bdf1000-7ff34bdf2000 rw-p 00017000 08:01 8524547                    /lib/x86_64-linux-gnu/libnsl-2.27.so
7ff34bdf2000-7ff34bdf4000 rw-p 00000000 00:00 0 
7ff34bdf4000-7ff34bdff000 r-xp 00000000 08:01 8524564                    /lib/x86_64-linux-gnu/libnss_nis-2.27.so
7ff34bdff000-7ff34bffe000 ---p 0000b000 08:01 8524564                    /lib/x86_64-linux-gnu/libnss_nis-2.27.so
7ff34bffe000-7ff34bfff000 r--p 0000a000 08:01 8524564                    /lib/x86_64-linux-gnu/libnss_nis-2.27.so
7ff34bfff000-7ff34c000000 rw-p 0000b000 08:01 8524564                    /lib/x86_64-linux-gnu/libnss_nis-2.27.so
7ff34c000000-7ff34c415000 rw-p 00000000 00:00 0 
7ff34c415000-7ff350000000 ---p 00000000 00:00 0 
7ff350000000-7ff350002000 r--s 0000a000 08:01 12983715                   /home/manuel/.gradle/caches/transforms-1/files-1.1/jetified-fancyshowcaseview-1.1.5.aar/7d0272fc2fcc03c5b44238fd9274bcd5/jars/classes.jar
7ff350002000-7ff3500ab000 rw-p 00000000 00:00 0 
7ff3500ab000-7ff3500b3000 r-xp 00000000 08:01 8524549                    /lib/x86_64-linux-gnu/libnss_compat-2.27.so
7ff3500b3000-7ff3502b3000 ---p 00008000 08:01 8524549                    /lib/x86_64-linux-gnu/libnss_compat-2.27.so
7ff3502b3000-7ff3502b4000 r--p 00008000 08:01 8524549                    /lib/x86_64-linux-gnu/libnss_compat-2.27.so
7ff3502b4000-7ff3502b5000 rw-p 00009000 08:01 8524549                    /lib/x86_64-linux-gnu/libnss_compat-2.27.so
7ff3502b5000-7ff3502bc000 r-xp 00000000 08:01 8524604                    /lib/x86_64-linux-gnu/librt-2.27.so
7ff3502bc000-7ff3504bb000 ---p 00007000 08:01 8524604                    /lib/x86_64-linux-gnu/librt-2.27.so
7ff3504bb000-7ff3504bc000 r--p 00006000 08:01 8524604                    /lib/x86_64-linux-gnu/librt-2.27.so
7ff3504bc000-7ff3504bd000 rw-p 00007000 08:01 8524604                    /lib/x86_64-linux-gnu/librt-2.27.so
7ff3504bd000-7ff35065a000 r-xp 00000000 08:01 8524526                    /lib/x86_64-linux-gnu/libm-2.27.so
7ff35065a000-7ff350859000 ---p 0019d000 08:01 8524526                    /lib/x86_64-linux-gnu/libm-2.27.so
7ff350859000-7ff35085a000 r--p 0019c000 08:01 8524526                    /lib/x86_64-linux-gnu/libm-2.27.so
7ff35085a000-7ff35085b000 rw-p 0019d000 08:01 8524526                    /lib/x86_64-linux-gnu/libm-2.27.so
7ff35085b000-7ff351473000 r-xp 00000000 07:13 3425                       /snap/android-studio/76/android-studio/jre/jre/lib/amd64/server/libjvm.so
7ff351473000-7ff351542000 rw-p 00c18000 07:13 3425                       /snap/android-studio/76/android-studio/jre/jre/lib/amd64/server/libjvm.so
7ff351542000-7ff351587000 rw-p 00000000 00:00 0 
7ff351587000-7ff35176e000 r-xp 00000000 08:01 8524463                    /lib/x86_64-linux-gnu/libc-2.27.so
7ff35176e000-7ff35196e000 ---p 001e7000 08:01 8524463                    /lib/x86_64-linux-gnu/libc-2.27.so
7ff35196e000-7ff351972000 r--p 001e7000 08:01 8524463                    /lib/x86_64-linux-gnu/libc-2.27.so
7ff351972000-7ff351974000 rw-p 001eb000 08:01 8524463                    /lib/x86_64-linux-gnu/libc-2.27.so
7ff351974000-7ff351978000 rw-p 00000000 00:00 0 
7ff351978000-7ff35197b000 r-xp 00000000 08:01 8524486                    /lib/x86_64-linux-gnu/libdl-2.27.so
7ff35197b000-7ff351b7a000 ---p 00003000 08:01 8524486                    /lib/x86_64-linux-gnu/libdl-2.27.so
7ff351b7a000-7ff351b7b000 r--p 00002000 08:01 8524486                    /lib/x86_64-linux-gnu/libdl-2.27.so
7ff351b7b000-7ff351b7c000 rw-p 00003000 08:01 8524486                    /lib/x86_64-linux-gnu/libdl-2.27.so
7ff351b7c000-7ff351b96000 r-xp 00000000 08:01 8524596                    /lib/x86_64-linux-gnu/libpthread-2.27.so
7ff351b96000-7ff351d95000 ---p 0001a000 08:01 8524596                    /lib/x86_64-linux-gnu/libpthread-2.27.so
7ff351d95000-7ff351d96000 r--p 00019000 08:01 8524596                    /lib/x86_64-linux-gnu/libpthread-2.27.so
7ff351d96000-7ff351d97000 rw-p 0001a000 08:01 8524596                    /lib/x86_64-linux-gnu/libpthread-2.27.so
7ff351d97000-7ff351d9b000 rw-p 00000000 00:00 0 
7ff351d9b000-7ff351dc2000 r-xp 00000000 08:01 8524435                    /lib/x86_64-linux-gnu/ld-2.27.so
7ff351dc2000-7ff351dcc000 r--s 00116000 07:13 3441                       /snap/android-studio/76/android-studio/jre/jre/lib/ext/localedata.jar
7ff351dcc000-7ff351ddc000 r--s 000db000 08:01 9445526                    /home/manuel/.gradle/caches/modules-2/files-2.1/org.jetbrains.kotlin/kotlin-stdlib/1.2.71/d9717625bb3c731561251f8dd2c67a1011d6764c/kotlin-stdlib-1.2.71.jar
7ff351ddc000-7ff351e41000 rw-p 00000000 00:00 0 
7ff351e41000-7ff351e5b000 r-xp 00000000 07:13 3421                       /snap/android-studio/76/android-studio/jre/jre/lib/amd64/libzip.so
7ff351e5b000-7ff351e5c000 rw-p 00019000 07:13 3421                       /snap/android-studio/76/android-studio/jre/jre/lib/amd64/libzip.so
7ff351e5c000-7ff351e87000 r-xp 00000000 07:13 3400                       /snap/android-studio/76/android-studio/jre/jre/lib/amd64/libjava.so
7ff351e87000-7ff351e89000 rw-p 0002b000 07:13 3400                       /snap/android-studio/76/android-studio/jre/jre/lib/amd64/libjava.so
7ff351e89000-7ff351e8a000 ---p 00000000 00:00 0 
7ff351e8a000-7ff351e8d000 ---p 00000000 00:00 0 
7ff351e8d000-7ff351f8c000 rw-p 00000000 00:00 0 
7ff351f8c000-7ff351fa1000 r-xp 00000000 07:13 3386                       /snap/android-studio/76/android-studio/jre/jre/lib/amd64/jli/libjli.so
7ff351fa1000-7ff351fa2000 rw-p 00015000 07:13 3386                       /snap/android-studio/76/android-studio/jre/jre/lib/amd64/jli/libjli.so
7ff351fa2000-7ff351fa3000 r--s 00000000 08:01 9447217                    /home/manuel/.gradle/caches/modules-2/files-2.1/org.jetbrains.kotlin/kotlin-stdlib-jdk7/1.3.0/683e04a4e7f17437d7e1390480f312e122e42e9e/kotlin-stdlib-jdk7-1.3.0.jar
7ff351fa3000-7ff351fa5000 r--s 00003000 08:01 9445641                    /home/manuel/.gradle/caches/modules-2/files-2.1/org.jetbrains/annotations/13.0/919f0dfe192fb4e063e7dacadee7f8bb9a2672a9/annotations-13.0.jar
7ff351fa5000-7ff351fa7000 r--s 00009000 08:01 9445528                    /home/manuel/.gradle/caches/modules-2/files-2.1/org.jetbrains.kotlin/kotlin-script-runtime/1.2.71/d5439926359caa899f41e1915b19d6d23e49750b/kotlin-script-runtime-1.2.71.jar
7ff351fa7000-7ff351faf000 rw-s 00000000 08:01 9445576                    /tmp/hsperfdata_manuel/3714
7ff351faf000-7ff351fb0000 rw-p 00000000 00:00 0 
7ff351fb0000-7ff351fb1000 ---p 00000000 00:00 0 
7ff351fb1000-7ff351fbe000 r-xp 00000000 07:13 3420                       /snap/android-studio/76/android-studio/jre/jre/lib/amd64/libverify.so
7ff351fbe000-7ff351fc0000 rw-p 0000c000 07:13 3420                       /snap/android-studio/76/android-studio/jre/jre/lib/amd64/libverify.so
7ff351fc0000-7ff351fc2000 rw-p 00000000 00:00 0 
7ff351fc2000-7ff351fc3000 r--p 00027000 08:01 8524435                    /lib/x86_64-linux-gnu/ld-2.27.so
7ff351fc3000-7ff351fc4000 rw-p 00028000 08:01 8524435                    /lib/x86_64-linux-gnu/ld-2.27.so
7ff351fc4000-7ff351fc5000 rw-p 00000000 00:00 0 
7ffcb3ab9000-7ffcb3adb000 rw-p 00000000 00:00 0                          [stack]
7ffcb3b70000-7ffcb3b73000 r--p 00000000 00:00 0                          [vvar]
7ffcb3b73000-7ffcb3b75000 r-xp 00000000 00:00 0                          [vdso]
ffffffffff600000-ffffffffff601000 r-xp 00000000 00:00 0                  [vsyscall]

VM Arguments:
jvm_args: -Djava.awt.headless=true -Djava.rmi.server.hostname=127.0.0.1 -Xmx3096m -XX:MaxPermSize=512m -Dkotlin.environment.keepalive 
java_command: org.jetbrains.kotlin.daemon.KotlinCompileDaemon --daemon-runFilesPath /home/manuel/.local/share/kotlin/daemon --daemon-autoshutdownIdleSeconds=7200 --daemon-compilerClasspath /home/manuel/.gradle/caches/modules-2/files-2.1/org.jetbrains.kotlin/kotlin-compiler-embeddable/1.2.71/a79f934bfbc1c7e16638da3474feab351735f1c0/kotlin-compiler-embeddable-1.2.71.jar:/home/manuel/.gradle/caches/modules-2/files-2.1/org.jetbrains.kotlin/kotlin-reflect/1.2.71/7512db3b3182753bd2e48ce8d345abbadc40fe6b/kotlin-reflect-1.2.71.jar:/home/manuel/.gradle/caches/modules-2/files-2.1/org.jetbrains.kotlin/kotlin-stdlib/1.2.71/d9717625bb3c731561251f8dd2c67a1011d6764c/kotlin-stdlib-1.2.71.jar:/home/manuel/.gradle/caches/modules-2/files-2.1/org.jetbrains.kotlin/kotlin-script-runtime/1.2.71/d5439926359caa899f41e1915b19d6d23e49750b/kotlin-script-runtime-1.2.71.jar:/home/manuel/.gradle/caches/modules-2/files-2.1/org.jetbrains.kotlin/kotlin-stdlib-common/1.2.71/ba18ca1aa0e40eb6f1865b324af2f4cbb691c1ec/kotlin-stdlib-common-1.2.71.jar:/home/manuel/.gradle/caches/modules-2/files-2.1/org.jetbrains/annotations/13.0/919f0dfe192fb4e063e7dacadee7f8bb9a2672a9/annotations-13.0.jar:/snap/android-studio/76/android-studio/jre/lib/tools.jar
java_class_path (initial): /home/manuel/.gradle/caches/modules-2/files-2.1/org.jetbrains.kotlin/kotlin-compiler-embeddable/1.2.71/a79f934bfbc1c7e16638da3474feab351735f1c0/kotlin-compiler-embeddable-1.2.71.jar:/home/manuel/.gradle/caches/modules-2/files-2.1/org.jetbrains.kotlin/kotlin-reflect/1.2.71/7512db3b3182753bd2e48ce8d345abbadc40fe6b/kotlin-reflect-1.2.71.jar:/home/manuel/.gradle/caches/modules-2/files-2.1/org.jetbrains.kotlin/kotlin-stdlib/1.2.71/d9717625bb3c731561251f8dd2c67a1011d6764c/kotlin-stdlib-1.2.71.jar:/home/manuel/.gradle/caches/modules-2/files-2.1/org.jetbrains.kotlin/kotlin-script-runtime/1.2.71/d5439926359caa899f41e1915b19d6d23e49750b/kotlin-script-runtime-1.2.71.jar:/home/manuel/.gradle/caches/modules-2/files-2.1/org.jetbrains.kotlin/kotlin-stdlib-common/1.2.71/ba18ca1aa0e40eb6f1865b324af2f4cbb691c1ec/kotlin-stdlib-common-1.2.71.jar:/home/manuel/.gradle/caches/modules-2/files-2.1/org.jetbrains/annotations/13.0/919f0dfe192fb4e063e7dacadee7f8bb9a2672a9/annotations-13.0.jar:/snap/android-studio/76/android-studio/jre/lib/tools.jar
Launcher Type: SUN_STANDARD

Environment Variables:
PATH=/usr/local/sbin:/usr/local/bin:/usr/sbin:/usr/bin:/sbin:/bin:/usr/games:/usr/local/games:/snap/bin
USERNAME=manuel
SHELL=/bin/bash
DISPLAY=:0

Signal Handlers:
SIGSEGV: [libjvm.so+0xa00760], sa_mask[0]=11111111011111111101111111111110, sa_flags=SA_RESTART|SA_SIGINFO
SIGBUS: [libjvm.so+0xa00760], sa_mask[0]=11111111011111111101111111111110, sa_flags=SA_RESTART|SA_SIGINFO
SIGFPE: [libjvm.so+0x863090], sa_mask[0]=11111111011111111101111111111110, sa_flags=SA_RESTART|SA_SIGINFO
SIGPIPE: [libjvm.so+0x863090], sa_mask[0]=11111111011111111101111111111110, sa_flags=SA_RESTART|SA_SIGINFO
SIGXFSZ: [libjvm.so+0x863090], sa_mask[0]=11111111011111111101111111111110, sa_flags=SA_RESTART|SA_SIGINFO
SIGILL: [libjvm.so+0x863090], sa_mask[0]=11111111011111111101111111111110, sa_flags=SA_RESTART|SA_SIGINFO
SIGUSR1: SIG_DFL, sa_mask[0]=00000000000000000000000000000000, sa_flags=none
SIGUSR2: [libjvm.so+0x862f60], sa_mask[0]=00100000000000000000000000000000, sa_flags=SA_RESTART|SA_SIGINFO
SIGHUP: [libjvm.so+0x863150], sa_mask[0]=11111111011111111101111111111110, sa_flags=SA_RESTART|SA_SIGINFO
SIGINT: [libjvm.so+0x863150], sa_mask[0]=11111111011111111101111111111110, sa_flags=SA_RESTART|SA_SIGINFO
SIGTERM: [libjvm.so+0x863150], sa_mask[0]=11111111011111111101111111111110, sa_flags=SA_RESTART|SA_SIGINFO
SIGQUIT: [libjvm.so+0x863150], sa_mask[0]=11111111011111111101111111111110, sa_flags=SA_RESTART|SA_SIGINFO


---------------  S Y S T E M  ---------------

OS:DISTRIB_ID=Ubuntu
DISTRIB_RELEASE=18.04
DISTRIB_CODENAME=bionic
DISTRIB_DESCRIPTION="Ubuntu 18.04.2 LTS"

uname:Linux 4.15.0-50-generic #54-Ubuntu SMP Mon May 6 18:46:08 UTC 2019 x86_64
libc:glibc 2.27 NPTL 2.27 
rlimit: STACK 8192k, CORE 0k, NPROC 31147, NOFILE 1048576, AS infinity
load average:23,36 17,60 9,91

/proc/meminfo:
MemTotal:        8017944 kB
MemFree:          123764 kB
MemAvailable:      41380 kB
Buffers:            3472 kB
Cached:           402876 kB
SwapCached:         1568 kB
Active:          6711576 kB
Inactive:         902064 kB
Active(anon):    6682952 kB
Inactive(anon):   868700 kB
Active(file):      28624 kB
Inactive(file):    33364 kB
Unevictable:          32 kB
Mlocked:              32 kB
SwapTotal:       2097148 kB
SwapFree:          18068 kB
Dirty:               284 kB
Writeback:             0 kB
AnonPages:       7205988 kB
Mapped:            84404 kB
Shmem:            344164 kB
Slab:             111644 kB
SReclaimable:      48020 kB
SUnreclaim:        63624 kB
KernelStack:       16928 kB
PageTables:        81076 kB
NFS_Unstable:          0 kB
Bounce:                0 kB
WritebackTmp:          0 kB
CommitLimit:     6106120 kB
Committed_AS:   15950144 kB
VmallocTotal:   34359738367 kB
VmallocUsed:           0 kB
VmallocChunk:          0 kB
HardwareCorrupted:     0 kB
AnonHugePages:         0 kB
ShmemHugePages:        0 kB
ShmemPmdMapped:        0 kB
CmaTotal:              0 kB
CmaFree:               0 kB
HugePages_Total:       0
HugePages_Free:        0
HugePages_Rsvd:        0
HugePages_Surp:        0
Hugepagesize:       2048 kB
DirectMap4k:      225536 kB
DirectMap2M:     8011776 kB


CPU:total 4 (initial active 4) (2 cores per cpu, 2 threads per core) family 6 model 42 stepping 7, cmov, cx8, fxsr, mmx, sse, sse2, sse3, ssse3, sse4.1, sse4.2, popcnt, avx, clmul, ht, tsc, tscinvbit

/proc/cpuinfo:
processor	: 0
vendor_id	: GenuineIntel
cpu family	: 6
model		: 42
model name	: Intel(R) Core(TM) i3-2350M CPU @ 2.30GHz
stepping	: 7
microcode	: 0x2f
cpu MHz		: 1638.327
cache size	: 3072 KB
physical id	: 0
siblings	: 4
core id		: 0
cpu cores	: 2
apicid		: 0
initial apicid	: 0
fpu		: yes
fpu_exception	: yes
cpuid level	: 13
wp		: yes
flags		: fpu vme de pse tsc msr pae mce cx8 apic sep mtrr pge mca cmov pat pse36 clflush dts acpi mmx fxsr sse sse2 ss ht tm pbe syscall nx rdtscp lm constant_tsc arch_perfmon pebs bts rep_good nopl xtopology nonstop_tsc cpuid aperfmperf pni pclmulqdq dtes64 monitor ds_cpl vmx est tm2 ssse3 cx16 xtpr pdcm pcid sse4_1 sse4_2 x2apic popcnt tsc_deadline_timer xsave avx lahf_lm epb pti ssbd ibrs ibpb stibp tpr_shadow vnmi flexpriority ept vpid xsaveopt dtherm arat pln pts md_clear flush_l1d
bugs		: cpu_meltdown spectre_v1 spectre_v2 spec_store_bypass l1tf mds
bogomips	: 4589.93
clflush size	: 64
cache_alignment	: 64
address sizes	: 36 bits physical, 48 bits virtual
power management:

processor	: 1
vendor_id	: GenuineIntel
cpu family	: 6
model		: 42
model name	: Intel(R) Core(TM) i3-2350M CPU @ 2.30GHz
stepping	: 7
microcode	: 0x2f
cpu MHz		: 1603.719
cache size	: 3072 KB
physical id	: 0
siblings	: 4
core id		: 0
cpu cores	: 2
apicid		: 1
initial apicid	: 1
fpu		: yes
fpu_exception	: yes
cpuid level	: 13
wp		: yes
flags		: fpu vme de pse tsc msr pae mce cx8 apic sep mtrr pge mca cmov pat pse36 clflush dts acpi mmx fxsr sse sse2 ss ht tm pbe syscall nx rdtscp lm constant_tsc arch_perfmon pebs bts rep_good nopl xtopology nonstop_tsc cpuid aperfmperf pni pclmulqdq dtes64 monitor ds_cpl vmx est tm2 ssse3 cx16 xtpr pdcm pcid sse4_1 sse4_2 x2apic popcnt tsc_deadline_timer xsave avx lahf_lm epb pti ssbd ibrs ibpb stibp tpr_shadow vnmi flexpriority ept vpid xsaveopt dtherm arat pln pts md_clear flush_l1d
bugs		: cpu_meltdown spectre_v1 spectre_v2 spec_store_bypass l1tf mds
bogomips	: 4589.93
clflush size	: 64
cache_alignment	: 64
address sizes	: 36 bits physical, 48 bits virtual
power management:

processor	: 2
vendor_id	: GenuineIntel
cpu family	: 6
model		: 42
model name	: Intel(R) Core(TM) i3-2350M CPU @ 2.30GHz
stepping	: 7
microcode	: 0x2f
cpu MHz		: 1631.520
cache size	: 3072 KB
physical id	: 0
siblings	: 4
core id		: 1
cpu cores	: 2
apicid		: 2
initial apicid	: 2
fpu		: yes
fpu_exception	: yes
cpuid level	: 13
wp		: yes
flags		: fpu vme de pse tsc msr pae mce cx8 apic sep mtrr pge mca cmov pat pse36 clflush dts acpi mmx fxsr sse sse2 ss ht tm pbe syscall nx rdtscp lm constant_tsc arch_perfmon pebs bts rep_good nopl xtopology nonstop_tsc cpuid aperfmperf pni pclmulqdq dtes64 monitor ds_cpl vmx est tm2 ssse3 cx16 xtpr pdcm pcid sse4_1 sse4_2 x2apic popcnt tsc_deadline_timer xsave avx lahf_lm epb pti ssbd ibrs ibpb stibp tpr_shadow vnmi flexpriority ept vpid xsaveopt dtherm arat pln pts md_clear flush_l1d
bugs		: cpu_meltdown spectre_v1 spectre_v2 spec_store_bypass l1tf mds
bogomips	: 4589.93
clflush size	: 64
cache_alignment	: 64
address sizes	: 36 bits physical, 48 bits virtual
power management:

processor	: 3
vendor_id	: GenuineIntel
cpu family	: 6
model		: 42
model name	: Intel(R) Core(TM) i3-2350M CPU @ 2.30GHz
stepping	: 7
microcode	: 0x2f
cpu MHz		: 1715.986
cache size	: 3072 KB
physical id	: 0
siblings	: 4
core id		: 1
cpu cores	: 2
apicid		: 3
initial apicid	: 3
fpu		: yes
fpu_exception	: yes
cpuid level	: 13
wp		: yes
flags		: fpu vme de pse tsc msr pae mce cx8 apic sep mtrr pge mca cmov pat pse36 clflush dts acpi mmx fxsr sse sse2 ss ht tm pbe syscall nx rdtscp lm constant_tsc arch_perfmon pebs bts rep_good nopl xtopology nonstop_tsc cpuid aperfmperf pni pclmulqdq dtes64 monitor ds_cpl vmx est tm2 ssse3 cx16 xtpr pdcm pcid sse4_1 sse4_2 x2apic popcnt tsc_deadline_timer xsave avx lahf_lm epb pti ssbd ibrs ibpb stibp tpr_shadow vnmi flexpriority ept vpid xsaveopt dtherm arat pln pts md_clear flush_l1d
bugs		: cpu_meltdown spectre_v1 spectre_v2 spec_store_bypass l1tf mds
bogomips	: 4589.93
clflush size	: 64
cache_alignment	: 64
address sizes	: 36 bits physical, 48 bits virtual
power management:



Memory: 4k page, physical 8017944k(123764k free), swap 2097148k(18068k free)

vm_info: OpenJDK 64-Bit Server VM (25.152-b16-5323222) for linux-amd64 JRE (1.8.0_152-release-1343-b16-5323222), built by "android-build" with gcc 4.8

time: Thu Jul 11 10:21:29 2019
elapsed time: 6041 seconds (0d 1h 40m 41s)

